\BOOKMARK [1][-]{section.1}{Introduzione}{}% 1
\BOOKMARK [2][-]{subsection.1.1}{Scopo del documento}{section.1}% 2
\BOOKMARK [2][-]{subsection.1.2}{Scopo del Prodotto}{section.1}% 3
\BOOKMARK [2][-]{subsection.1.3}{Glossario}{section.1}% 4
\BOOKMARK [2][-]{subsection.1.4}{Riferimenti}{section.1}% 5
\BOOKMARK [3][-]{subsubsection.1.4.1}{Normativi}{subsection.1.4}% 6
\BOOKMARK [3][-]{subsubsection.1.4.2}{Informativi}{subsection.1.4}% 7
\BOOKMARK [1][-]{section.2}{Processo di sviluppo}{}% 8
\BOOKMARK [2][-]{subsection.2.1}{Scopo del processo}{section.2}% 9
\BOOKMARK [2][-]{subsection.2.2}{Descrizione}{section.2}% 10
\BOOKMARK [2][-]{subsection.2.3}{Analisi dei requisiti}{section.2}% 11
\BOOKMARK [3][-]{subsubsection.2.3.1}{Scopo del processo}{subsection.2.3}% 12
\BOOKMARK [3][-]{subsubsection.2.3.2}{Requisiti}{subsection.2.3}% 13
\BOOKMARK [3][-]{subsubsection.2.3.3}{Casi d'uso}{subsection.2.3}% 14
\BOOKMARK [3][-]{subsubsection.2.3.4}{Strumenti per il tracciamento dei requisiti}{subsection.2.3}% 15
\BOOKMARK [3][-]{subsubsection.2.3.5}{UML}{subsection.2.3}% 16
\BOOKMARK [2][-]{subsection.2.4}{Progettazione}{section.2}% 17
\BOOKMARK [3][-]{subsubsection.2.4.1}{Scopo del processo}{subsection.2.4}% 18
\BOOKMARK [3][-]{subsubsection.2.4.2}{Descrizione}{subsection.2.4}% 19
\BOOKMARK [3][-]{subsubsection.2.4.3}{Diagrammi UML}{subsection.2.4}% 20
\BOOKMARK [3][-]{subsubsection.2.4.4}{Stile di progettazione}{subsection.2.4}% 21
\BOOKMARK [2][-]{subsection.2.5}{Codifica}{section.2}% 22
\BOOKMARK [3][-]{subsubsection.2.5.1}{Scopo del processo}{subsection.2.5}% 23
\BOOKMARK [3][-]{subsubsection.2.5.2}{Descrizione}{subsection.2.5}% 24
\BOOKMARK [3][-]{subsubsection.2.5.3}{Intestazione dei file}{subsection.2.5}% 25
\BOOKMARK [3][-]{subsubsection.2.5.4}{Formattazione}{subsection.2.5}% 26
\BOOKMARK [2][-]{subsection.2.6}{Verifica e validazione}{section.2}% 27
\BOOKMARK [3][-]{subsubsection.2.6.1}{Strumenti di verifica}{subsection.2.6}% 28
\BOOKMARK [1][-]{section.3}{Processo di supporto}{}% 29
\BOOKMARK [2][-]{subsection.3.1}{Documentazione}{section.3}% 30
\BOOKMARK [3][-]{subsubsection.3.1.1}{Scopo del processo}{subsection.3.1}% 31
\BOOKMARK [3][-]{subsubsection.3.1.2}{Procedure}{subsection.3.1}% 32
\BOOKMARK [3][-]{subsubsection.3.1.3}{Template}{subsection.3.1}% 33
\BOOKMARK [3][-]{subsubsection.3.1.4}{Struttura dei documenti}{subsection.3.1}% 34
\BOOKMARK [4][-]{subsubsubsection.3.1.4.1}{Comandi personalizzati}{subsubsection.3.1.4}% 35
\BOOKMARK [4][-]{subsubsubsection.3.1.4.2}{Frontespizio}{subsubsection.3.1.4}% 36
\BOOKMARK [4][-]{subsubsubsection.3.1.4.3}{Registro delle modifiche}{subsubsection.3.1.4}% 37
\BOOKMARK [4][-]{subsubsubsection.3.1.4.4}{Indice}{subsubsection.3.1.4}% 38
\BOOKMARK [4][-]{subsubsubsection.3.1.4.5}{Intestazione}{subsubsection.3.1.4}% 39
\BOOKMARK [4][-]{subsubsubsection.3.1.4.6}{Pi\350 di pagina}{subsubsection.3.1.4}% 40
\BOOKMARK [3][-]{subsubsection.3.1.5}{Versionamento}{subsection.3.1}% 41
\BOOKMARK [3][-]{subsubsection.3.1.6}{Norme tipografiche}{subsection.3.1}% 42
\BOOKMARK [4][-]{subsubsubsection.3.1.6.1}{Formattazione del testo}{subsubsection.3.1.6}% 43
\BOOKMARK [4][-]{subsubsubsection.3.1.6.2}{Punteggiatura}{subsubsection.3.1.6}% 44
\BOOKMARK [4][-]{subsubsubsection.3.1.6.3}{Composizione del testo}{subsubsection.3.1.6}% 45
\BOOKMARK [4][-]{subsubsubsection.3.1.6.4}{Formati}{subsubsection.3.1.6}% 46
\BOOKMARK [3][-]{subsubsection.3.1.7}{Componenti grafiche}{subsection.3.1}% 47
\BOOKMARK [4][-]{subsubsubsection.3.1.7.1}{Tabelle}{subsubsection.3.1.7}% 48
\BOOKMARK [4][-]{subsubsubsection.3.1.7.2}{Immagini}{subsubsection.3.1.7}% 49
\BOOKMARK [3][-]{subsubsection.3.1.8}{Strumenti per la documentazione}{subsection.3.1}% 50
\BOOKMARK [2][-]{subsection.3.2}{Verifica}{section.3}% 51
\BOOKMARK [3][-]{subsubsection.3.2.1}{Scopo del processo}{subsection.3.2}% 52
\BOOKMARK [3][-]{subsubsection.3.2.2}{Risultati osservabili}{subsection.3.2}% 53
\BOOKMARK [3][-]{subsubsection.3.2.3}{Tecniche di analisi}{subsection.3.2}% 54
\BOOKMARK [4][-]{subsubsubsection.3.2.3.1}{Analisi statica}{subsubsection.3.2.3}% 55
\BOOKMARK [4][-]{subsubsubsection.3.2.3.2}{Analisi dinamica}{subsubsection.3.2.3}% 56
\BOOKMARK [3][-]{subsubsection.3.2.4}{Test}{subsection.3.2}% 57
\BOOKMARK [4][-]{subsubsubsection.3.2.4.1}{Test di unit\340}{subsubsection.3.2.4}% 58
\BOOKMARK [4][-]{subsubsubsection.3.2.4.2}{Test di integrazione}{subsubsection.3.2.4}% 59
\BOOKMARK [4][-]{subsubsubsection.3.2.4.3}{Test di sistema}{subsubsection.3.2.4}% 60
\BOOKMARK [4][-]{subsubsubsection.3.2.4.4}{Test di regressione}{subsubsection.3.2.4}% 61
\BOOKMARK [4][-]{subsubsubsection.3.2.4.5}{Test di accettazione}{subsubsection.3.2.4}% 62
\BOOKMARK [1][-]{section.4}{Processo Organizzativo}{}% 63
\BOOKMARK [2][-]{subsection.4.1}{Scopo del processo}{section.4}% 64
\BOOKMARK [2][-]{subsection.4.2}{Ruoli di progetto}{section.4}% 65
\BOOKMARK [3][-]{subsubsection.4.2.1}{Definizione dei ruoli}{subsection.4.2}% 66
\BOOKMARK [4][-]{subsubsubsection.4.2.1.1}{Responsabile: }{subsubsection.4.2.1}% 67
\BOOKMARK [4][-]{subsubsubsection.4.2.1.2}{Amministratore: }{subsubsection.4.2.1}% 68
\BOOKMARK [4][-]{subsubsubsection.4.2.1.3}{Analista: }{subsubsection.4.2.1}% 69
\BOOKMARK [4][-]{subsubsubsection.4.2.1.4}{Progettista: }{subsubsection.4.2.1}% 70
\BOOKMARK [4][-]{subsubsubsection.4.2.1.5}{Programmatore: }{subsubsection.4.2.1}% 71
\BOOKMARK [4][-]{subsubsubsection.4.2.1.6}{Verificatore: }{subsubsection.4.2.1}% 72
\BOOKMARK [2][-]{subsection.4.3}{Comunicazione}{section.4}% 73
\BOOKMARK [3][-]{subsubsection.4.3.1}{Interna}{subsection.4.3}% 74
\BOOKMARK [3][-]{subsubsection.4.3.2}{Esterna}{subsection.4.3}% 75
\BOOKMARK [2][-]{subsection.4.4}{Incontri}{section.4}% 76
\BOOKMARK [3][-]{subsubsection.4.4.1}{Interni}{subsection.4.4}% 77
\BOOKMARK [3][-]{subsubsection.4.4.2}{Esterni}{subsection.4.4}% 78
\BOOKMARK [2][-]{subsection.4.5}{Ticketing}{section.4}% 79
\BOOKMARK [3][-]{subsubsection.4.5.1}{Struttura del ticket}{subsection.4.5}% 80
\BOOKMARK [2][-]{subsection.4.6}{Strumenti di progetto}{section.4}% 81
\BOOKMARK [3][-]{subsubsection.4.6.1}{Sistema operativo}{subsection.4.6}% 82
\BOOKMARK [3][-]{subsubsection.4.6.2}{Codifica dei caratteri}{subsection.4.6}% 83
\BOOKMARK [3][-]{subsubsection.4.6.3}{Versionamento}{subsection.4.6}% 84
\BOOKMARK [2][-]{subsection.4.7}{Produzione dei documenti}{section.4}% 85
\BOOKMARK [3][-]{subsubsection.4.7.1}{Dropbox}{subsection.4.7}% 86
\BOOKMARK [3][-]{subsubsection.4.7.2}{Editor}{subsection.4.7}% 87
\BOOKMARK [3][-]{subsubsection.4.7.3}{Correttore ortografico}{subsection.4.7}% 88
