\BOOKMARK [1][-]{section.1}{Introduzione}{}% 1
\BOOKMARK [2][-]{subsection.1.1}{Scopo del Documento}{section.1}% 2
\BOOKMARK [2][-]{subsection.1.2}{Scopo del Prodotto}{section.1}% 3
\BOOKMARK [2][-]{subsection.1.3}{Glossario}{section.1}% 4
\BOOKMARK [2][-]{subsection.1.4}{Riferimenti}{section.1}% 5
\BOOKMARK [3][-]{subsubsection.1.4.1}{Normativi}{subsection.1.4}% 6
\BOOKMARK [3][-]{subsubsection.1.4.2}{Informativi}{subsection.1.4}% 7
\BOOKMARK [1][-]{section.2}{Descrizione del Problema}{}% 8
\BOOKMARK [2][-]{subsection.2.1}{Contesto d'uso}{section.2}% 9
\BOOKMARK [2][-]{subsection.2.2}{Funzioni del Prodotto}{section.2}% 10
\BOOKMARK [2][-]{subsection.2.3}{Vincoli di Utilizzo}{section.2}% 11
\BOOKMARK [1][-]{section.3}{Casi d'uso}{}% 12
\BOOKMARK [2][-]{subsection.3.1}{Attori}{section.3}% 13
\BOOKMARK [2][-]{subsection.3.2}{UC 1 - Sistema Quizzipedia}{section.3}% 14
\BOOKMARK [2][-]{subsection.3.3}{UC 1.1 - Login}{section.3}% 15
\BOOKMARK [3][-]{subsubsection.3.3.1}{UC 1.1.1 - Inserimento e-mail login}{subsection.3.3}% 16
\BOOKMARK [3][-]{subsubsection.3.3.2}{UC 1.1.2 - Inserimento password}{subsection.3.3}% 17
\BOOKMARK [3][-]{subsubsection.3.3.3}{UC 1.1.3 - Ricordami}{subsection.3.3}% 18
\BOOKMARK [3][-]{subsubsection.3.3.4}{UC 1.1.4 - Password dimenticata}{subsection.3.3}% 19
\BOOKMARK [3][-]{subsubsection.3.3.5}{UC 1.1.4.1 - Inserimento e-mail recupero}{subsection.3.3}% 20
\BOOKMARK [3][-]{subsubsection.3.3.6}{UC 1.1.4.2 - Invio e-mail recupero}{subsection.3.3}% 21
\BOOKMARK [3][-]{subsubsection.3.3.7}{UC 1.1.5 - Invio dati login}{subsection.3.3}% 22
\BOOKMARK [2][-]{subsection.3.4}{UC 1.2 - Registrazione}{section.3}% 23
\BOOKMARK [3][-]{subsubsection.3.4.1}{UC 1.2.1 - Inserimento e-mail registrazione}{subsection.3.4}% 24
\BOOKMARK [3][-]{subsubsection.3.4.2}{UC 1.2.2 - Scelta password}{subsection.3.4}% 25
\BOOKMARK [3][-]{subsubsection.3.4.3}{UC 1.2.3 - Invio dati registrazione}{subsection.3.4}% 26
\BOOKMARK [2][-]{subsection.3.5}{UC 1.3 - Visualizza categorie}{section.3}% 27
\BOOKMARK [2][-]{subsection.3.6}{UC 1.4 - Visualizza lista questionari categoria}{section.3}% 28
\BOOKMARK [2][-]{subsection.3.7}{UC 1.5 - Scelta questionario}{section.3}% 29
\BOOKMARK [2][-]{subsection.3.8}{UC 1.6 - Compilazione questionario}{section.3}% 30
\BOOKMARK [3][-]{subsubsection.3.8.1}{UC 1.6.1 - Compilazione domanda}{subsection.3.8}% 31
\BOOKMARK [3][-]{subsubsection.3.8.2}{UC 1.6.2 - Consegna questionario}{subsection.3.8}% 32
\BOOKMARK [3][-]{subsubsection.3.8.3}{UC 1.6.3 - Valutazione questionario}{subsection.3.8}% 33
\BOOKMARK [3][-]{subsubsection.3.8.4}{UC 1.6.4 - Visualizzazione valutazione questionario}{subsection.3.8}% 34
\BOOKMARK [2][-]{subsection.3.9}{UC 1.7 - Crea domanda}{section.3}% 35
\BOOKMARK [3][-]{subsubsection.3.9.1}{UC 1.7.1 - Scelta categorie domanda}{subsection.3.9}% 36
\BOOKMARK [3][-]{subsubsection.3.9.2}{UC 1.7.2 - Inserimento testo domanda}{subsection.3.9}% 37
\BOOKMARK [3][-]{subsubsection.3.9.3}{UC 1.7.3 - Scelta tipologia domanda}{subsection.3.9}% 38
\BOOKMARK [3][-]{subsubsection.3.9.4}{UC 1.7.5 - Inserimento risposta corretta}{subsection.3.9}% 39
\BOOKMARK [3][-]{subsubsection.3.9.5}{UC 1.7.6 - Invio dati nuova domanda}{subsection.3.9}% 40
\BOOKMARK [2][-]{subsection.3.10}{UC 1.8 - Crea questionario}{section.3}% 41
\BOOKMARK [3][-]{subsubsection.3.10.1}{UC 1.8.1 - Inserimento nome questionario}{subsection.3.10}% 42
\BOOKMARK [3][-]{subsubsection.3.10.2}{UC 1.8.2 - Scelta categoria questionario}{subsection.3.10}% 43
\BOOKMARK [3][-]{subsubsection.3.10.3}{UC 1.8.3 - Aggiunta domanda}{subsection.3.10}% 44
\BOOKMARK [3][-]{subsubsection.3.10.4}{UC 1.8.4 - Memorizzazione questionario}{subsection.3.10}% 45
\BOOKMARK [2][-]{subsection.3.11}{UC 1.9 - Logout}{section.3}% 46
\BOOKMARK [1][-]{section.4}{Requisiti}{}% 47
\BOOKMARK [2][-]{subsection.4.1}{Requisiti funzionali}{section.4}% 48
\BOOKMARK [2][-]{subsection.4.2}{Requisiti QML}{section.4}% 49
\BOOKMARK [2][-]{subsection.4.3}{Requisiti di qualit\340}{section.4}% 50
\BOOKMARK [2][-]{subsection.4.4}{Vincoli di sistema}{section.4}% 51
\BOOKMARK [1][-]{section.5}{Mappature}{}% 52
\BOOKMARK [2][-]{subsection.5.1}{Mappatura casi d'uso - requisiti}{section.5}% 53
\BOOKMARK [2][-]{subsection.5.2}{Mappatura requisiti - casi d'uso}{section.5}% 54
