This is pdfTeX, Version 3.14159265-2.6-1.40.16 (TeX Live 2015/W32TeX) (preloaded format=pdflatex 2016.3.14)  6 APR 2016 12:48
entering extended mode
 restricted \write18 enabled.
 %&-line parsing enabled.
**./analisi_dei_requisiti_1.0.tex
(./analisi_dei_requisiti_1.0.tex
LaTeX2e <2016/02/01>
Babel <3.9q> and hyphenation patterns for 81 language(s) loaded.
(c:/texlive/2015/texmf-dist/tex/latex/base/article.cls
Document Class: article 2014/09/29 v1.4h Standard LaTeX document class
(c:/texlive/2015/texmf-dist/tex/latex/base/size11.clo
File: size11.clo 2014/09/29 v1.4h Standard LaTeX file (size option)
)
\c@part=\count79
\c@section=\count80
\c@subsection=\count81
\c@subsubsection=\count82
\c@paragraph=\count83
\c@subparagraph=\count84
\c@figure=\count85
\c@table=\count86
\abovecaptionskip=\skip41
\belowcaptionskip=\skip42
\bibindent=\dimen102
) (./template.tex
(c:/texlive/2015/texmf-dist/tex/latex/base/inputenc.sty
Package: inputenc 2015/03/17 v1.2c Input encoding file
\inpenc@prehook=\toks14
\inpenc@posthook=\toks15

(c:/texlive/2015/texmf-dist/tex/latex/base/utf8.def
File: utf8.def 2015/12/03 v1.1r UTF-8 support for inputenc
Now handling font encoding OML ...
... no UTF-8 mapping file for font encoding OML
Now handling font encoding T1 ...
... processing UTF-8 mapping file for font encoding T1

(c:/texlive/2015/texmf-dist/tex/latex/base/t1enc.dfu
File: t1enc.dfu 2015/12/03 v1.1r UTF-8 support for inputenc
   defining Unicode char U+00A0 (decimal 160)
   defining Unicode char U+00A1 (decimal 161)
   defining Unicode char U+00A3 (decimal 163)
   defining Unicode char U+00AB (decimal 171)
   defining Unicode char U+00AD (decimal 173)
   defining Unicode char U+00BB (decimal 187)
   defining Unicode char U+00BF (decimal 191)
   defining Unicode char U+00C0 (decimal 192)
   defining Unicode char U+00C1 (decimal 193)
   defining Unicode char U+00C2 (decimal 194)
   defining Unicode char U+00C3 (decimal 195)
   defining Unicode char U+00C4 (decimal 196)
   defining Unicode char U+00C5 (decimal 197)
   defining Unicode char U+00C6 (decimal 198)
   defining Unicode char U+00C7 (decimal 199)
   defining Unicode char U+00C8 (decimal 200)
   defining Unicode char U+00C9 (decimal 201)
   defining Unicode char U+00CA (decimal 202)
   defining Unicode char U+00CB (decimal 203)
   defining Unicode char U+00CC (decimal 204)
   defining Unicode char U+00CD (decimal 205)
   defining Unicode char U+00CE (decimal 206)
   defining Unicode char U+00CF (decimal 207)
   defining Unicode char U+00D0 (decimal 208)
   defining Unicode char U+00D1 (decimal 209)
   defining Unicode char U+00D2 (decimal 210)
   defining Unicode char U+00D3 (decimal 211)
   defining Unicode char U+00D4 (decimal 212)
   defining Unicode char U+00D5 (decimal 213)
   defining Unicode char U+00D6 (decimal 214)
   defining Unicode char U+00D8 (decimal 216)
   defining Unicode char U+00D9 (decimal 217)
   defining Unicode char U+00DA (decimal 218)
   defining Unicode char U+00DB (decimal 219)
   defining Unicode char U+00DC (decimal 220)
   defining Unicode char U+00DD (decimal 221)
   defining Unicode char U+00DE (decimal 222)
   defining Unicode char U+00DF (decimal 223)
   defining Unicode char U+00E0 (decimal 224)
   defining Unicode char U+00E1 (decimal 225)
   defining Unicode char U+00E2 (decimal 226)
   defining Unicode char U+00E3 (decimal 227)
   defining Unicode char U+00E4 (decimal 228)
   defining Unicode char U+00E5 (decimal 229)
   defining Unicode char U+00E6 (decimal 230)
   defining Unicode char U+00E7 (decimal 231)
   defining Unicode char U+00E8 (decimal 232)
   defining Unicode char U+00E9 (decimal 233)
   defining Unicode char U+00EA (decimal 234)
   defining Unicode char U+00EB (decimal 235)
   defining Unicode char U+00EC (decimal 236)
   defining Unicode char U+00ED (decimal 237)
   defining Unicode char U+00EE (decimal 238)
   defining Unicode char U+00EF (decimal 239)
   defining Unicode char U+00F0 (decimal 240)
   defining Unicode char U+00F1 (decimal 241)
   defining Unicode char U+00F2 (decimal 242)
   defining Unicode char U+00F3 (decimal 243)
   defining Unicode char U+00F4 (decimal 244)
   defining Unicode char U+00F5 (decimal 245)
   defining Unicode char U+00F6 (decimal 246)
   defining Unicode char U+00F8 (decimal 248)
   defining Unicode char U+00F9 (decimal 249)
   defining Unicode char U+00FA (decimal 250)
   defining Unicode char U+00FB (decimal 251)
   defining Unicode char U+00FC (decimal 252)
   defining Unicode char U+00FD (decimal 253)
   defining Unicode char U+00FE (decimal 254)
   defining Unicode char U+00FF (decimal 255)
   defining Unicode char U+0100 (decimal 256)
   defining Unicode char U+0101 (decimal 257)
   defining Unicode char U+0102 (decimal 258)
   defining Unicode char U+0103 (decimal 259)
   defining Unicode char U+0104 (decimal 260)
   defining Unicode char U+0105 (decimal 261)
   defining Unicode char U+0106 (decimal 262)
   defining Unicode char U+0107 (decimal 263)
   defining Unicode char U+0108 (decimal 264)
   defining Unicode char U+0109 (decimal 265)
   defining Unicode char U+010A (decimal 266)
   defining Unicode char U+010B (decimal 267)
   defining Unicode char U+010C (decimal 268)
   defining Unicode char U+010D (decimal 269)
   defining Unicode char U+010E (decimal 270)
   defining Unicode char U+010F (decimal 271)
   defining Unicode char U+0110 (decimal 272)
   defining Unicode char U+0111 (decimal 273)
   defining Unicode char U+0112 (decimal 274)
   defining Unicode char U+0113 (decimal 275)
   defining Unicode char U+0114 (decimal 276)
   defining Unicode char U+0115 (decimal 277)
   defining Unicode char U+0116 (decimal 278)
   defining Unicode char U+0117 (decimal 279)
   defining Unicode char U+0118 (decimal 280)
   defining Unicode char U+0119 (decimal 281)
   defining Unicode char U+011A (decimal 282)
   defining Unicode char U+011B (decimal 283)
   defining Unicode char U+011C (decimal 284)
   defining Unicode char U+011D (decimal 285)
   defining Unicode char U+011E (decimal 286)
   defining Unicode char U+011F (decimal 287)
   defining Unicode char U+0120 (decimal 288)
   defining Unicode char U+0121 (decimal 289)
   defining Unicode char U+0122 (decimal 290)
   defining Unicode char U+0123 (decimal 291)
   defining Unicode char U+0124 (decimal 292)
   defining Unicode char U+0125 (decimal 293)
   defining Unicode char U+0128 (decimal 296)
   defining Unicode char U+0129 (decimal 297)
   defining Unicode char U+012A (decimal 298)
   defining Unicode char U+012B (decimal 299)
   defining Unicode char U+012C (decimal 300)
   defining Unicode char U+012D (decimal 301)
   defining Unicode char U+012E (decimal 302)
   defining Unicode char U+012F (decimal 303)
   defining Unicode char U+0130 (decimal 304)
   defining Unicode char U+0131 (decimal 305)
   defining Unicode char U+0132 (decimal 306)
   defining Unicode char U+0133 (decimal 307)
   defining Unicode char U+0134 (decimal 308)
   defining Unicode char U+0135 (decimal 309)
   defining Unicode char U+0136 (decimal 310)
   defining Unicode char U+0137 (decimal 311)
   defining Unicode char U+0139 (decimal 313)
   defining Unicode char U+013A (decimal 314)
   defining Unicode char U+013B (decimal 315)
   defining Unicode char U+013C (decimal 316)
   defining Unicode char U+013D (decimal 317)
   defining Unicode char U+013E (decimal 318)
   defining Unicode char U+0141 (decimal 321)
   defining Unicode char U+0142 (decimal 322)
   defining Unicode char U+0143 (decimal 323)
   defining Unicode char U+0144 (decimal 324)
   defining Unicode char U+0145 (decimal 325)
   defining Unicode char U+0146 (decimal 326)
   defining Unicode char U+0147 (decimal 327)
   defining Unicode char U+0148 (decimal 328)
   defining Unicode char U+014A (decimal 330)
   defining Unicode char U+014B (decimal 331)
   defining Unicode char U+014C (decimal 332)
   defining Unicode char U+014D (decimal 333)
   defining Unicode char U+014E (decimal 334)
   defining Unicode char U+014F (decimal 335)
   defining Unicode char U+0150 (decimal 336)
   defining Unicode char U+0151 (decimal 337)
   defining Unicode char U+0152 (decimal 338)
   defining Unicode char U+0153 (decimal 339)
   defining Unicode char U+0154 (decimal 340)
   defining Unicode char U+0155 (decimal 341)
   defining Unicode char U+0156 (decimal 342)
   defining Unicode char U+0157 (decimal 343)
   defining Unicode char U+0158 (decimal 344)
   defining Unicode char U+0159 (decimal 345)
   defining Unicode char U+015A (decimal 346)
   defining Unicode char U+015B (decimal 347)
   defining Unicode char U+015C (decimal 348)
   defining Unicode char U+015D (decimal 349)
   defining Unicode char U+015E (decimal 350)
   defining Unicode char U+015F (decimal 351)
   defining Unicode char U+0160 (decimal 352)
   defining Unicode char U+0161 (decimal 353)
   defining Unicode char U+0162 (decimal 354)
   defining Unicode char U+0163 (decimal 355)
   defining Unicode char U+0164 (decimal 356)
   defining Unicode char U+0165 (decimal 357)
   defining Unicode char U+0168 (decimal 360)
   defining Unicode char U+0169 (decimal 361)
   defining Unicode char U+016A (decimal 362)
   defining Unicode char U+016B (decimal 363)
   defining Unicode char U+016C (decimal 364)
   defining Unicode char U+016D (decimal 365)
   defining Unicode char U+016E (decimal 366)
   defining Unicode char U+016F (decimal 367)
   defining Unicode char U+0170 (decimal 368)
   defining Unicode char U+0171 (decimal 369)
   defining Unicode char U+0172 (decimal 370)
   defining Unicode char U+0173 (decimal 371)
   defining Unicode char U+0174 (decimal 372)
   defining Unicode char U+0175 (decimal 373)
   defining Unicode char U+0176 (decimal 374)
   defining Unicode char U+0177 (decimal 375)
   defining Unicode char U+0178 (decimal 376)
   defining Unicode char U+0179 (decimal 377)
   defining Unicode char U+017A (decimal 378)
   defining Unicode char U+017B (decimal 379)
   defining Unicode char U+017C (decimal 380)
   defining Unicode char U+017D (decimal 381)
   defining Unicode char U+017E (decimal 382)
   defining Unicode char U+01CD (decimal 461)
   defining Unicode char U+01CE (decimal 462)
   defining Unicode char U+01CF (decimal 463)
   defining Unicode char U+01D0 (decimal 464)
   defining Unicode char U+01D1 (decimal 465)
   defining Unicode char U+01D2 (decimal 466)
   defining Unicode char U+01D3 (decimal 467)
   defining Unicode char U+01D4 (decimal 468)
   defining Unicode char U+01E2 (decimal 482)
   defining Unicode char U+01E3 (decimal 483)
   defining Unicode char U+01E6 (decimal 486)
   defining Unicode char U+01E7 (decimal 487)
   defining Unicode char U+01E8 (decimal 488)
   defining Unicode char U+01E9 (decimal 489)
   defining Unicode char U+01EA (decimal 490)
   defining Unicode char U+01EB (decimal 491)
   defining Unicode char U+01F0 (decimal 496)
   defining Unicode char U+01F4 (decimal 500)
   defining Unicode char U+01F5 (decimal 501)
   defining Unicode char U+0218 (decimal 536)
   defining Unicode char U+0219 (decimal 537)
   defining Unicode char U+021A (decimal 538)
   defining Unicode char U+021B (decimal 539)
   defining Unicode char U+01E02 (decimal 7682)
   defining Unicode char U+01E03 (decimal 7683)
   defining Unicode char U+200C (decimal 8204)
   defining Unicode char U+2013 (decimal 8211)
   defining Unicode char U+2014 (decimal 8212)
   defining Unicode char U+2018 (decimal 8216)
   defining Unicode char U+2019 (decimal 8217)
   defining Unicode char U+201A (decimal 8218)
   defining Unicode char U+201C (decimal 8220)
   defining Unicode char U+201D (decimal 8221)
   defining Unicode char U+201E (decimal 8222)
   defining Unicode char U+2030 (decimal 8240)
   defining Unicode char U+2031 (decimal 8241)
   defining Unicode char U+2039 (decimal 8249)
   defining Unicode char U+203A (decimal 8250)
   defining Unicode char U+2423 (decimal 9251)
)
Now handling font encoding OT1 ...
... processing UTF-8 mapping file for font encoding OT1

(c:/texlive/2015/texmf-dist/tex/latex/base/ot1enc.dfu
File: ot1enc.dfu 2015/12/03 v1.1r UTF-8 support for inputenc
   defining Unicode char U+00A0 (decimal 160)
   defining Unicode char U+00A1 (decimal 161)
   defining Unicode char U+00A3 (decimal 163)
   defining Unicode char U+00AD (decimal 173)
   defining Unicode char U+00B8 (decimal 184)
   defining Unicode char U+00BF (decimal 191)
   defining Unicode char U+00C5 (decimal 197)
   defining Unicode char U+00C6 (decimal 198)
   defining Unicode char U+00D8 (decimal 216)
   defining Unicode char U+00DF (decimal 223)
   defining Unicode char U+00E6 (decimal 230)
   defining Unicode char U+00EC (decimal 236)
   defining Unicode char U+00ED (decimal 237)
   defining Unicode char U+00EE (decimal 238)
   defining Unicode char U+00EF (decimal 239)
   defining Unicode char U+00F8 (decimal 248)
   defining Unicode char U+0131 (decimal 305)
   defining Unicode char U+0141 (decimal 321)
   defining Unicode char U+0142 (decimal 322)
   defining Unicode char U+0152 (decimal 338)
   defining Unicode char U+0153 (decimal 339)
   defining Unicode char U+0174 (decimal 372)
   defining Unicode char U+0175 (decimal 373)
   defining Unicode char U+0176 (decimal 374)
   defining Unicode char U+0177 (decimal 375)
   defining Unicode char U+0218 (decimal 536)
   defining Unicode char U+0219 (decimal 537)
   defining Unicode char U+021A (decimal 538)
   defining Unicode char U+021B (decimal 539)
   defining Unicode char U+2013 (decimal 8211)
   defining Unicode char U+2014 (decimal 8212)
   defining Unicode char U+2018 (decimal 8216)
   defining Unicode char U+2019 (decimal 8217)
   defining Unicode char U+201C (decimal 8220)
   defining Unicode char U+201D (decimal 8221)
)
Now handling font encoding OMS ...
... processing UTF-8 mapping file for font encoding OMS

(c:/texlive/2015/texmf-dist/tex/latex/base/omsenc.dfu
File: omsenc.dfu 2015/12/03 v1.1r UTF-8 support for inputenc
   defining Unicode char U+00A7 (decimal 167)
   defining Unicode char U+00B6 (decimal 182)
   defining Unicode char U+00B7 (decimal 183)
   defining Unicode char U+2020 (decimal 8224)
   defining Unicode char U+2021 (decimal 8225)
   defining Unicode char U+2022 (decimal 8226)
)
Now handling font encoding OMX ...
... no UTF-8 mapping file for font encoding OMX
Now handling font encoding U ...
... no UTF-8 mapping file for font encoding U
   defining Unicode char U+00A9 (decimal 169)
   defining Unicode char U+00AA (decimal 170)
   defining Unicode char U+00AE (decimal 174)
   defining Unicode char U+00BA (decimal 186)
   defining Unicode char U+02C6 (decimal 710)
   defining Unicode char U+02DC (decimal 732)
   defining Unicode char U+200C (decimal 8204)
   defining Unicode char U+2026 (decimal 8230)
   defining Unicode char U+2122 (decimal 8482)
   defining Unicode char U+2423 (decimal 9251)
))
(c:/texlive/2015/texmf-dist/tex/generic/babel/babel.sty
Package: babel 2016/02/24 3.9q The Babel package

(c:/texlive/2015/texmf-dist/tex/generic/babel-italian/italian.ldf
Language: italian 2015/03/26 v1.3n Italian support from the babel system

(c:/texlive/2015/texmf-dist/tex/generic/babel/babel.def
File: babel.def 2016/02/24 3.9q Babel common definitions
\babel@savecnt=\count87
\U@D=\dimen103
)
\it@lettering=\count88
\it@doublequoteactive=\count89
\it@ISOcompliance=\count90
))
(c:/texlive/2015/texmf-dist/tex/latex/etoolbox/etoolbox.sty
Package: etoolbox 2015/08/02 v2.2a e-TeX tools for LaTeX (JAW)
\etb@tempcnta=\count91
)
(c:/texlive/2015/texmf-dist/tex/latex/hyperref/hyperref.sty
Package: hyperref 2012/11/06 v6.83m Hypertext links for LaTeX

(c:/texlive/2015/texmf-dist/tex/generic/oberdiek/hobsub-hyperref.sty
Package: hobsub-hyperref 2012/05/28 v1.13 Bundle oberdiek, subset hyperref (HO)


(c:/texlive/2015/texmf-dist/tex/generic/oberdiek/hobsub-generic.sty
Package: hobsub-generic 2012/05/28 v1.13 Bundle oberdiek, subset generic (HO)
Package: hobsub 2012/05/28 v1.13 Construct package bundles (HO)
Package: infwarerr 2010/04/08 v1.3 Providing info/warning/error messages (HO)
Package: ltxcmds 2011/11/09 v1.22 LaTeX kernel commands for general use (HO)
Package: ifluatex 2010/03/01 v1.3 Provides the ifluatex switch (HO)
Package ifluatex Info: LuaTeX not detected.
Package: ifvtex 2010/03/01 v1.5 Detect VTeX and its facilities (HO)
Package ifvtex Info: VTeX not detected.
Package: intcalc 2007/09/27 v1.1 Expandable calculations with integers (HO)
Package: ifpdf 2011/01/30 v2.3 Provides the ifpdf switch (HO)
Package ifpdf Info: pdfTeX in PDF mode is detected.
Package: etexcmds 2011/02/16 v1.5 Avoid name clashes with e-TeX commands (HO)
Package etexcmds Info: Could not find \expanded.
(etexcmds)             That can mean that you are not using pdfTeX 1.50 or
(etexcmds)             that some package has redefined \expanded.
(etexcmds)             In the latter case, load this package earlier.
Package: kvsetkeys 2012/04/25 v1.16 Key value parser (HO)
Package: kvdefinekeys 2011/04/07 v1.3 Define keys (HO)
Package: pdftexcmds 2011/11/29 v0.20 Utility functions of pdfTeX for LuaTeX (HO
)
Package pdftexcmds Info: LuaTeX not detected.
Package pdftexcmds Info: \pdf@primitive is available.
Package pdftexcmds Info: \pdf@ifprimitive is available.
Package pdftexcmds Info: \pdfdraftmode found.
Package: pdfescape 2011/11/25 v1.13 Implements pdfTeX's escape features (HO)
Package: bigintcalc 2012/04/08 v1.3 Expandable calculations on big integers (HO
)
Package: bitset 2011/01/30 v1.1 Handle bit-vector datatype (HO)
Package: uniquecounter 2011/01/30 v1.2 Provide unlimited unique counter (HO)
)
Package hobsub Info: Skipping package `hobsub' (already loaded).
Package: letltxmacro 2010/09/02 v1.4 Let assignment for LaTeX macros (HO)
Package: hopatch 2012/05/28 v1.2 Wrapper for package hooks (HO)
Package: xcolor-patch 2011/01/30 xcolor patch
Package: atveryend 2011/06/30 v1.8 Hooks at the very end of document (HO)
Package: atbegshi 2011/10/05 v1.16 At begin shipout hook (HO)
Package: refcount 2011/10/16 v3.4 Data extraction from label references (HO)
Package: hycolor 2011/01/30 v1.7 Color options for hyperref/bookmark (HO)
)
(c:/texlive/2015/texmf-dist/tex/latex/graphics/keyval.sty
Package: keyval 2014/10/28 v1.15 key=value parser (DPC)
\KV@toks@=\toks16
)
(c:/texlive/2015/texmf-dist/tex/generic/ifxetex/ifxetex.sty
Package: ifxetex 2010/09/12 v0.6 Provides ifxetex conditional
)
(c:/texlive/2015/texmf-dist/tex/latex/oberdiek/auxhook.sty
Package: auxhook 2011/03/04 v1.3 Hooks for auxiliary files (HO)
)
(c:/texlive/2015/texmf-dist/tex/latex/oberdiek/kvoptions.sty
Package: kvoptions 2011/06/30 v3.11 Key value format for package options (HO)
)
\@linkdim=\dimen104
\Hy@linkcounter=\count92
\Hy@pagecounter=\count93

(c:/texlive/2015/texmf-dist/tex/latex/hyperref/pd1enc.def
File: pd1enc.def 2012/11/06 v6.83m Hyperref: PDFDocEncoding definition (HO)
Now handling font encoding PD1 ...
... no UTF-8 mapping file for font encoding PD1
)
\Hy@SavedSpaceFactor=\count94

(c:/texlive/2015/texmf-dist/tex/latex/latexconfig/hyperref.cfg
File: hyperref.cfg 2002/06/06 v1.2 hyperref configuration of TeXLive
)
Package hyperref Info: Hyper figures OFF on input line 4443.
Package hyperref Info: Link nesting OFF on input line 4448.
Package hyperref Info: Hyper index ON on input line 4451.
Package hyperref Info: Plain pages OFF on input line 4458.
Package hyperref Info: Backreferencing OFF on input line 4463.
Package hyperref Info: Implicit mode ON; LaTeX internals redefined.
Package hyperref Info: Bookmarks ON on input line 4688.
\c@Hy@tempcnt=\count95

(c:/texlive/2015/texmf-dist/tex/latex/url/url.sty
\Urlmuskip=\muskip10
Package: url 2013/09/16  ver 3.4  Verb mode for urls, etc.
)
LaTeX Info: Redefining \url on input line 5041.
\XeTeXLinkMargin=\dimen105
\Fld@menulength=\count96
\Field@Width=\dimen106
\Fld@charsize=\dimen107
Package hyperref Info: Hyper figures OFF on input line 6295.
Package hyperref Info: Link nesting OFF on input line 6300.
Package hyperref Info: Hyper index ON on input line 6303.
Package hyperref Info: backreferencing OFF on input line 6310.
Package hyperref Info: Link coloring OFF on input line 6315.
Package hyperref Info: Link coloring with OCG OFF on input line 6320.
Package hyperref Info: PDF/A mode OFF on input line 6325.
LaTeX Info: Redefining \ref on input line 6365.
LaTeX Info: Redefining \pageref on input line 6369.
\Hy@abspage=\count97
\c@Item=\count98
\c@Hfootnote=\count99
)

Package hyperref Message: Driver (autodetected): hpdftex.

(c:/texlive/2015/texmf-dist/tex/latex/hyperref/hpdftex.def
File: hpdftex.def 2012/11/06 v6.83m Hyperref driver for pdfTeX
\Fld@listcount=\count100
\c@bookmark@seq@number=\count101

(c:/texlive/2015/texmf-dist/tex/latex/oberdiek/rerunfilecheck.sty
Package: rerunfilecheck 2011/04/15 v1.7 Rerun checks for auxiliary files (HO)
Package uniquecounter Info: New unique counter `rerunfilecheck' on input line 2
82.
)
\Hy@SectionHShift=\skip43
)
(c:/texlive/2015/texmf-dist/tex/latex/booktabs/booktabs.sty
Package: booktabs 2005/04/14 v1.61803 publication quality tables
\heavyrulewidth=\dimen108
\lightrulewidth=\dimen109
\cmidrulewidth=\dimen110
\belowrulesep=\dimen111
\belowbottomsep=\dimen112
\aboverulesep=\dimen113
\abovetopsep=\dimen114
\cmidrulesep=\dimen115
\cmidrulekern=\dimen116
\defaultaddspace=\dimen117
\@cmidla=\count102
\@cmidlb=\count103
\@aboverulesep=\dimen118
\@belowrulesep=\dimen119
\@thisruleclass=\count104
\@lastruleclass=\count105
\@thisrulewidth=\dimen120
)
(c:/texlive/2015/texmf-dist/tex/latex/tools/longtable.sty
Package: longtable 2014/10/28 v4.11 Multi-page Table package (DPC)
\LTleft=\skip44
\LTright=\skip45
\LTpre=\skip46
\LTpost=\skip47
\LTchunksize=\count106
\LTcapwidth=\dimen121
\LT@head=\box26
\LT@firsthead=\box27
\LT@foot=\box28
\LT@lastfoot=\box29
\LT@cols=\count107
\LT@rows=\count108
\c@LT@tables=\count109
\c@LT@chunks=\count110
\LT@p@ftn=\toks17
)
(c:/texlive/2015/texmf-dist/tex/latex/tools/tabularx.sty
Package: tabularx 2014/10/28 v2.10 `tabularx' package (DPC)

(c:/texlive/2015/texmf-dist/tex/latex/tools/array.sty
Package: array 2014/10/28 v2.4c Tabular extension package (FMi)
\col@sep=\dimen122
\extrarowheight=\dimen123
\NC@list=\toks18
\extratabsurround=\skip48
\backup@length=\skip49
)
\TX@col@width=\dimen124
\TX@old@table=\dimen125
\TX@old@col=\dimen126
\TX@target=\dimen127
\TX@delta=\dimen128
\TX@cols=\count111
\TX@ftn=\toks19
)
(c:/texlive/2015/texmf-dist/tex/latex/listings/listings.sty
\lst@mode=\count112
\lst@gtempboxa=\box30
\lst@token=\toks20
\lst@length=\count113
\lst@currlwidth=\dimen129
\lst@column=\count114
\lst@pos=\count115
\lst@lostspace=\dimen130
\lst@width=\dimen131
\lst@newlines=\count116
\lst@lineno=\count117
\lst@maxwidth=\dimen132

(c:/texlive/2015/texmf-dist/tex/latex/listings/lstmisc.sty
File: lstmisc.sty 2015/06/04 1.6 (Carsten Heinz)
\c@lstnumber=\count118
\lst@skipnumbers=\count119
\lst@framebox=\box31
)
(c:/texlive/2015/texmf-dist/tex/latex/listings/listings.cfg
File: listings.cfg 2015/06/04 1.6 listings configuration
))
Package: listings 2015/06/04 1.6 (Carsten Heinz)

(c:/texlive/2015/texmf-dist/tex/latex/graphics/graphicx.sty
Package: graphicx 2014/10/28 v1.0g Enhanced LaTeX Graphics (DPC,SPQR)

(c:/texlive/2015/texmf-dist/tex/latex/graphics/graphics.sty
Package: graphics 2016/01/03 v1.0q Standard LaTeX Graphics (DPC,SPQR)

(c:/texlive/2015/texmf-dist/tex/latex/graphics/trig.sty
Package: trig 2016/01/03 v1.10 sin cos tan (DPC)
)
(c:/texlive/2015/texmf-dist/tex/latex/latexconfig/graphics.cfg
File: graphics.cfg 2010/04/23 v1.9 graphics configuration of TeX Live
)
Package graphics Info: Driver file: pdftex.def on input line 95.

(c:/texlive/2015/texmf-dist/tex/latex/pdftex-def/pdftex.def
File: pdftex.def 2011/05/27 v0.06d Graphics/color for pdfTeX
\Gread@gobject=\count120
))
\Gin@req@height=\dimen133
\Gin@req@width=\dimen134
)
(c:/texlive/2015/texmf-dist/tex/latex/caption/caption.sty
Package: caption 2016/02/21 v3.3-144 Customizing captions (AR)

(c:/texlive/2015/texmf-dist/tex/latex/caption/caption3.sty
Package: caption3 2016/02/04 v1.7-139 caption3 kernel (AR)
Package caption3 Info: TeX engine: e-TeX on input line 67.
\captionmargin=\dimen135
\captionmargin@=\dimen136
\captionwidth=\dimen137
\caption@tempdima=\dimen138
\caption@indent=\dimen139
\caption@parindent=\dimen140
\caption@hangindent=\dimen141
)
\c@ContinuedFloat=\count121
Package caption Info: hyperref package is loaded.
Package caption Info: listings package is loaded.
Package caption Info: longtable package is loaded.

(c:/texlive/2015/texmf-dist/tex/latex/caption/ltcaption.sty
Package: ltcaption 2013/06/09 v1.4-94 longtable captions (AR)
))
(c:/texlive/2015/texmf-dist/tex/latex/fancyhdr/fancyhdr.sty
\fancy@headwidth=\skip50
\f@ncyO@elh=\skip51
\f@ncyO@erh=\skip52
\f@ncyO@olh=\skip53
\f@ncyO@orh=\skip54
\f@ncyO@elf=\skip55
\f@ncyO@erf=\skip56
\f@ncyO@olf=\skip57
\f@ncyO@orf=\skip58
)
(c:/texlive/2015/texmf-dist/tex/latex/geometry/geometry.sty
Package: geometry 2010/09/12 v5.6 Page Geometry
\Gm@cnth=\count122
\Gm@cntv=\count123
\c@Gm@tempcnt=\count124
\Gm@bindingoffset=\dimen142
\Gm@wd@mp=\dimen143
\Gm@odd@mp=\dimen144
\Gm@even@mp=\dimen145
\Gm@layoutwidth=\dimen146
\Gm@layoutheight=\dimen147
\Gm@layouthoffset=\dimen148
\Gm@layoutvoffset=\dimen149
\Gm@dimlist=\toks21
)
(c:/texlive/2015/texmf-dist/tex/latex/base/makeidx.sty
Package: makeidx 2014/09/29 v1.0m Standard LaTeX package
)
(c:/texlive/2015/texmf-dist/tex/latex/base/textcomp.sty
Package: textcomp 2005/09/27 v1.99g Standard LaTeX package
Package textcomp Info: Sub-encoding information:
(textcomp)               5 = only ISO-Adobe without \textcurrency
(textcomp)               4 = 5 + \texteuro
(textcomp)               3 = 4 + \textohm
(textcomp)               2 = 3 + \textestimated + \textcurrency
(textcomp)               1 = TS1 - \textcircled - \t
(textcomp)               0 = TS1 (full)
(textcomp)             Font families with sub-encoding setting implement
(textcomp)             only a restricted character set as indicated.
(textcomp)             Family '?' is the default used for unknown fonts.
(textcomp)             See the documentation for details.
Package textcomp Info: Setting ? sub-encoding to TS1/1 on input line 79.

(c:/texlive/2015/texmf-dist/tex/latex/base/ts1enc.def
File: ts1enc.def 2001/06/05 v3.0e (jk/car/fm) Standard LaTeX file
Now handling font encoding TS1 ...
... processing UTF-8 mapping file for font encoding TS1

(c:/texlive/2015/texmf-dist/tex/latex/base/ts1enc.dfu
File: ts1enc.dfu 2015/12/03 v1.1r UTF-8 support for inputenc
   defining Unicode char U+00A2 (decimal 162)
   defining Unicode char U+00A3 (decimal 163)
   defining Unicode char U+00A4 (decimal 164)
   defining Unicode char U+00A5 (decimal 165)
   defining Unicode char U+00A6 (decimal 166)
   defining Unicode char U+00A7 (decimal 167)
   defining Unicode char U+00A8 (decimal 168)
   defining Unicode char U+00A9 (decimal 169)
   defining Unicode char U+00AA (decimal 170)
   defining Unicode char U+00AC (decimal 172)
   defining Unicode char U+00AE (decimal 174)
   defining Unicode char U+00AF (decimal 175)
   defining Unicode char U+00B0 (decimal 176)
   defining Unicode char U+00B1 (decimal 177)
   defining Unicode char U+00B2 (decimal 178)
   defining Unicode char U+00B3 (decimal 179)
   defining Unicode char U+00B4 (decimal 180)
   defining Unicode char U+00B5 (decimal 181)
   defining Unicode char U+00B6 (decimal 182)
   defining Unicode char U+00B7 (decimal 183)
   defining Unicode char U+00B9 (decimal 185)
   defining Unicode char U+00BA (decimal 186)
   defining Unicode char U+00BC (decimal 188)
   defining Unicode char U+00BD (decimal 189)
   defining Unicode char U+00BE (decimal 190)
   defining Unicode char U+00D7 (decimal 215)
   defining Unicode char U+00F7 (decimal 247)
   defining Unicode char U+0192 (decimal 402)
   defining Unicode char U+02C7 (decimal 711)
   defining Unicode char U+02D8 (decimal 728)
   defining Unicode char U+02DD (decimal 733)
   defining Unicode char U+0E3F (decimal 3647)
   defining Unicode char U+2016 (decimal 8214)
   defining Unicode char U+2020 (decimal 8224)
   defining Unicode char U+2021 (decimal 8225)
   defining Unicode char U+2022 (decimal 8226)
   defining Unicode char U+2030 (decimal 8240)
   defining Unicode char U+2031 (decimal 8241)
   defining Unicode char U+203B (decimal 8251)
   defining Unicode char U+203D (decimal 8253)
   defining Unicode char U+2044 (decimal 8260)
   defining Unicode char U+204E (decimal 8270)
   defining Unicode char U+2052 (decimal 8274)
   defining Unicode char U+20A1 (decimal 8353)
   defining Unicode char U+20A4 (decimal 8356)
   defining Unicode char U+20A6 (decimal 8358)
   defining Unicode char U+20A9 (decimal 8361)
   defining Unicode char U+20AB (decimal 8363)
   defining Unicode char U+20AC (decimal 8364)
   defining Unicode char U+20B1 (decimal 8369)
   defining Unicode char U+2103 (decimal 8451)
   defining Unicode char U+2116 (decimal 8470)
   defining Unicode char U+2117 (decimal 8471)
   defining Unicode char U+211E (decimal 8478)
   defining Unicode char U+2120 (decimal 8480)
   defining Unicode char U+2122 (decimal 8482)
   defining Unicode char U+2126 (decimal 8486)
   defining Unicode char U+2127 (decimal 8487)
   defining Unicode char U+212E (decimal 8494)
   defining Unicode char U+2190 (decimal 8592)
   defining Unicode char U+2191 (decimal 8593)
   defining Unicode char U+2192 (decimal 8594)
   defining Unicode char U+2193 (decimal 8595)
   defining Unicode char U+2329 (decimal 9001)
   defining Unicode char U+232A (decimal 9002)
   defining Unicode char U+2422 (decimal 9250)
   defining Unicode char U+25E6 (decimal 9702)
   defining Unicode char U+25EF (decimal 9711)
   defining Unicode char U+266A (decimal 9834)
))
LaTeX Info: Redefining \oldstylenums on input line 334.
Package textcomp Info: Setting cmr sub-encoding to TS1/0 on input line 349.
Package textcomp Info: Setting cmss sub-encoding to TS1/0 on input line 350.
Package textcomp Info: Setting cmtt sub-encoding to TS1/0 on input line 351.
Package textcomp Info: Setting cmvtt sub-encoding to TS1/0 on input line 352.
Package textcomp Info: Setting cmbr sub-encoding to TS1/0 on input line 353.
Package textcomp Info: Setting cmtl sub-encoding to TS1/0 on input line 354.
Package textcomp Info: Setting ccr sub-encoding to TS1/0 on input line 355.
Package textcomp Info: Setting ptm sub-encoding to TS1/4 on input line 356.
Package textcomp Info: Setting pcr sub-encoding to TS1/4 on input line 357.
Package textcomp Info: Setting phv sub-encoding to TS1/4 on input line 358.
Package textcomp Info: Setting ppl sub-encoding to TS1/3 on input line 359.
Package textcomp Info: Setting pag sub-encoding to TS1/4 on input line 360.
Package textcomp Info: Setting pbk sub-encoding to TS1/4 on input line 361.
Package textcomp Info: Setting pnc sub-encoding to TS1/4 on input line 362.
Package textcomp Info: Setting pzc sub-encoding to TS1/4 on input line 363.
Package textcomp Info: Setting bch sub-encoding to TS1/4 on input line 364.
Package textcomp Info: Setting put sub-encoding to TS1/5 on input line 365.
Package textcomp Info: Setting uag sub-encoding to TS1/5 on input line 366.
Package textcomp Info: Setting ugq sub-encoding to TS1/5 on input line 367.
Package textcomp Info: Setting ul8 sub-encoding to TS1/4 on input line 368.
Package textcomp Info: Setting ul9 sub-encoding to TS1/4 on input line 369.
Package textcomp Info: Setting augie sub-encoding to TS1/5 on input line 370.
Package textcomp Info: Setting dayrom sub-encoding to TS1/3 on input line 371.
Package textcomp Info: Setting dayroms sub-encoding to TS1/3 on input line 372.

Package textcomp Info: Setting pxr sub-encoding to TS1/0 on input line 373.
Package textcomp Info: Setting pxss sub-encoding to TS1/0 on input line 374.
Package textcomp Info: Setting pxtt sub-encoding to TS1/0 on input line 375.
Package textcomp Info: Setting txr sub-encoding to TS1/0 on input line 376.
Package textcomp Info: Setting txss sub-encoding to TS1/0 on input line 377.
Package textcomp Info: Setting txtt sub-encoding to TS1/0 on input line 378.
Package textcomp Info: Setting lmr sub-encoding to TS1/0 on input line 379.
Package textcomp Info: Setting lmdh sub-encoding to TS1/0 on input line 380.
Package textcomp Info: Setting lmss sub-encoding to TS1/0 on input line 381.
Package textcomp Info: Setting lmssq sub-encoding to TS1/0 on input line 382.
Package textcomp Info: Setting lmvtt sub-encoding to TS1/0 on input line 383.
Package textcomp Info: Setting lmtt sub-encoding to TS1/0 on input line 384.
Package textcomp Info: Setting qhv sub-encoding to TS1/0 on input line 385.
Package textcomp Info: Setting qag sub-encoding to TS1/0 on input line 386.
Package textcomp Info: Setting qbk sub-encoding to TS1/0 on input line 387.
Package textcomp Info: Setting qcr sub-encoding to TS1/0 on input line 388.
Package textcomp Info: Setting qcs sub-encoding to TS1/0 on input line 389.
Package textcomp Info: Setting qpl sub-encoding to TS1/0 on input line 390.
Package textcomp Info: Setting qtm sub-encoding to TS1/0 on input line 391.
Package textcomp Info: Setting qzc sub-encoding to TS1/0 on input line 392.
Package textcomp Info: Setting qhvc sub-encoding to TS1/0 on input line 393.
Package textcomp Info: Setting futs sub-encoding to TS1/4 on input line 394.
Package textcomp Info: Setting futx sub-encoding to TS1/4 on input line 395.
Package textcomp Info: Setting futj sub-encoding to TS1/4 on input line 396.
Package textcomp Info: Setting hlh sub-encoding to TS1/3 on input line 397.
Package textcomp Info: Setting hls sub-encoding to TS1/3 on input line 398.
Package textcomp Info: Setting hlst sub-encoding to TS1/3 on input line 399.
Package textcomp Info: Setting hlct sub-encoding to TS1/5 on input line 400.
Package textcomp Info: Setting hlx sub-encoding to TS1/5 on input line 401.
Package textcomp Info: Setting hlce sub-encoding to TS1/5 on input line 402.
Package textcomp Info: Setting hlcn sub-encoding to TS1/5 on input line 403.
Package textcomp Info: Setting hlcw sub-encoding to TS1/5 on input line 404.
Package textcomp Info: Setting hlcf sub-encoding to TS1/5 on input line 405.
Package textcomp Info: Setting pplx sub-encoding to TS1/3 on input line 406.
Package textcomp Info: Setting pplj sub-encoding to TS1/3 on input line 407.
Package textcomp Info: Setting ptmx sub-encoding to TS1/4 on input line 408.
Package textcomp Info: Setting ptmj sub-encoding to TS1/4 on input line 409.
)
(c:/texlive/2015/texmf-dist/tex/latex/multirow/multirow.sty
\bigstrutjot=\dimen150
)
(c:/texlive/2015/texmf-dist/tex/latex/rotfloat/rotfloat.sty
Package: rotfloat 2004/01/04 v1.2 Combining float+rotating package (AS)

(c:/texlive/2015/texmf-dist/tex/latex/float/float.sty
Package: float 2001/11/08 v1.3d Float enhancements (AL)
\c@float@type=\count125
\float@exts=\toks22
\float@box=\box32
\@float@everytoks=\toks23
\@floatcapt=\box33
)
(c:/texlive/2015/texmf-dist/tex/latex/rotating/rotating.sty
Package: rotating 2009/03/28 v2.16a rotated objects in LaTeX

(c:/texlive/2015/texmf-dist/tex/latex/base/ifthen.sty
Package: ifthen 2014/09/29 v1.1c Standard LaTeX ifthen package (DPC)
)
\c@r@tfl@t=\count126
\rotFPtop=\skip59
\rotFPbot=\skip60
\rot@float@box=\box34
\rot@mess@toks=\toks24
)
Package rotfloat Info: float package v1.3 detected on input line 74.
)
(c:/texlive/2015/texmf-dist/tex/latex/lastpage/lastpage.sty
Package: lastpage 2015/03/29 v1.2m Refers to last page's name (HMM; JPG)
)
(c:/texlive/2015/texmf-dist/tex/latex/titlesec/titlesec.sty
Package: titlesec 2011/12/15 v2.10.0 Sectioning titles
\ttl@box=\box35
\beforetitleunit=\skip61
\aftertitleunit=\skip62
\ttl@plus=\dimen151
\ttl@minus=\dimen152
\ttl@toksa=\toks25
\titlewidth=\dimen153
\titlewidthlast=\dimen154
\titlewidthfirst=\dimen155
)
\c@subsubsubsection=\count127

(c:/texlive/2015/texmf-dist/tex/latex/listings/lstlang1.sty
File: lstlang1.sty 2015/06/04 1.6 listings language file
)
(c:/texlive/2015/texmf-dist/tex/latex/cantarell/cantarell.sty
Package: cantarell 2012/01/03 Cantarell

(c:/texlive/2015/texmf-dist/tex/latex/slantsc/slantsc.sty
Package: slantsc 2012/01/01 v2.11 Provide Slanted an Italic Small Caps
LaTeX Info: Redefining \upshape on input line 35.
LaTeX Info: Redefining \slshape on input line 45.
LaTeX Info: Redefining \itshape on input line 55.
LaTeX Info: Redefining \scshape on input line 65.
))
(c:/texlive/2015/texmf-dist/tex/latex/base/fontenc.sty
Package: fontenc 2005/09/27 v1.99g Standard LaTeX package

(c:/texlive/2015/texmf-dist/tex/latex/base/t1enc.def
File: t1enc.def 2005/09/27 v1.99g Standard LaTeX file
LaTeX Font Info:    Redeclaring font encoding T1 on input line 48.
))
Package hyperref Info: Option `colorlinks' set `true' on input line 87.
)
\@indexfile=\write3
\openout3 = `analisi_dei_requisiti_1.0.idx'.


Writing index file analisi_dei_requisiti_1.0.idx
(./analisi_dei_requisiti_1.0.aux)
\openout1 = `analisi_dei_requisiti_1.0.aux'.

LaTeX Font Info:    Checking defaults for OML/cmm/m/it on input line 13.
LaTeX Font Info:    ... okay on input line 13.
LaTeX Font Info:    Checking defaults for T1/cmr/m/n on input line 13.
LaTeX Font Info:    ... okay on input line 13.
LaTeX Font Info:    Checking defaults for OT1/cmr/m/n on input line 13.
LaTeX Font Info:    ... okay on input line 13.
LaTeX Font Info:    Checking defaults for OMS/cmsy/m/n on input line 13.
LaTeX Font Info:    ... okay on input line 13.
LaTeX Font Info:    Checking defaults for OMX/cmex/m/n on input line 13.
LaTeX Font Info:    ... okay on input line 13.
LaTeX Font Info:    Checking defaults for U/cmr/m/n on input line 13.
LaTeX Font Info:    ... okay on input line 13.
LaTeX Font Info:    Checking defaults for PD1/pdf/m/n on input line 13.
LaTeX Font Info:    ... okay on input line 13.
LaTeX Font Info:    Checking defaults for TS1/cmr/m/n on input line 13.
LaTeX Font Info:    Try loading font information for TS1+cmr on input line 13.

(c:/texlive/2015/texmf-dist/tex/latex/base/ts1cmr.fd
File: ts1cmr.fd 2014/09/29 v2.5h Standard LaTeX font definitions
)
LaTeX Font Info:    ... okay on input line 13.
LaTeX Font Info:    Try loading font information for T1+fca on input line 13.

(c:/texlive/2015/texmf-dist/tex/latex/cantarell/t1fca.fd
File: t1fca.fd 2012/06/11 Fontinst v1.933 font definitions for T1/fca.
)
LaTeX Info: Redefining \it@ocap on input line 13.
LaTeX Info: Redefining \it@ccap on input line 13.
\AtBeginShipoutBox=\box36

(c:/texlive/2015/texmf-dist/tex/latex/graphics/color.sty
Package: color 2016/01/03 v1.1b Standard LaTeX Color (DPC)

(c:/texlive/2015/texmf-dist/tex/latex/latexconfig/color.cfg
File: color.cfg 2007/01/18 v1.5 color configuration of teTeX/TeXLive
)
Package color Info: Driver file: pdftex.def on input line 143.
)
Package hyperref Info: Link coloring ON on input line 13.

(c:/texlive/2015/texmf-dist/tex/latex/hyperref/nameref.sty
Package: nameref 2012/10/27 v2.43 Cross-referencing by name of section

(c:/texlive/2015/texmf-dist/tex/generic/oberdiek/gettitlestring.sty
Package: gettitlestring 2010/12/03 v1.4 Cleanup title references (HO)
)
\c@section@level=\count128
)
LaTeX Info: Redefining \ref on input line 13.
LaTeX Info: Redefining \pageref on input line 13.
LaTeX Info: Redefining \nameref on input line 13.

(./analisi_dei_requisiti_1.0.out) (./analisi_dei_requisiti_1.0.out)
\@outlinefile=\write4
\openout4 = `analisi_dei_requisiti_1.0.out'.

\c@lstlisting=\count129

(c:/texlive/2015/texmf-dist/tex/context/base/supp-pdf.mkii
[Loading MPS to PDF converter (version 2006.09.02).]
\scratchcounter=\count130
\scratchdimen=\dimen156
\scratchbox=\box37
\nofMPsegments=\count131
\nofMParguments=\count132
\everyMPshowfont=\toks26
\MPscratchCnt=\count133
\MPscratchDim=\dimen157
\MPnumerator=\count134
\makeMPintoPDFobject=\count135
\everyMPtoPDFconversion=\toks27
) (c:/texlive/2015/texmf-dist/tex/latex/oberdiek/epstopdf-base.sty
Package: epstopdf-base 2010/02/09 v2.5 Base part for package epstopdf

(c:/texlive/2015/texmf-dist/tex/latex/oberdiek/grfext.sty
Package: grfext 2010/08/19 v1.1 Manage graphics extensions (HO)
)
Package grfext Info: Graphics extension search list:
(grfext)             [.png,.pdf,.jpg,.mps,.jpeg,.jbig2,.jb2,.PNG,.PDF,.JPG,.JPE
G,.JBIG2,.JB2,.eps]
(grfext)             \AppendGraphicsExtensions on input line 452.

(c:/texlive/2015/texmf-dist/tex/latex/latexconfig/epstopdf-sys.cfg
File: epstopdf-sys.cfg 2010/07/13 v1.3 Configuration of (r)epstopdf for TeX Liv
e
))
Package caption Info: Begin \AtBeginDocument code.
Package caption Info: float package is loaded.
Package caption Info: rotating package is loaded.
Package caption Info: End \AtBeginDocument code.

*geometry* driver: auto-detecting
*geometry* detected driver: pdftex
*geometry* verbose mode - [ preamble ] result:
* driver: pdftex
* paper: a4paper
* layout: <same size as paper>
* layoutoffset:(h,v)=(0.0pt,0.0pt)
* modes: 
* h-part:(L,W,R)=(71.13188pt, 455.24411pt, 71.13188pt)
* v-part:(T,H,B)=(85.35826pt, 674.33032pt, 85.35826pt)
* \paperwidth=597.50787pt
* \paperheight=845.04684pt
* \textwidth=455.24411pt
* \textheight=674.33032pt
* \oddsidemargin=-1.1381pt
* \evensidemargin=-1.1381pt
* \topmargin=-23.91173pt
* \headheight=12.0pt
* \headsep=25.0pt
* \topskip=11.0pt
* \footskip=30.0pt
* \marginparwidth=50.0pt
* \marginparsep=10.0pt
* \columnsep=10.0pt
* \skip\footins=10.0pt plus 4.0pt minus 2.0pt
* \hoffset=0.0pt
* \voffset=0.0pt
* \mag=1000
* \@twocolumnfalse
* \@twosidefalse
* \@mparswitchfalse
* \@reversemarginfalse
* (1in=72.27pt=25.4mm, 1cm=28.453pt)

Package lastpage Info: Please have a look at the pageslts package at
(lastpage)             https://www.ctan.org/pkg/pageslts
(lastpage)             ! on input line 13.
LaTeX Font Info:    Font shape `T1/fca/bx/n' in size <17.28> not available
(Font)              Font shape `T1/fca/b/n' tried instead on input line 16.
LaTeX Font Info:    Font shape `T1/fca/bx/n' in size <22.76219> not available
(Font)              Font shape `T1/fca/b/n' tried instead on input line 16.
LaTeX Font Info:    External font `cmex10' loaded for size
(Font)              <12> on input line 16.
LaTeX Font Info:    External font `cmex10' loaded for size
(Font)              <8> on input line 16.
LaTeX Font Info:    External font `cmex10' loaded for size
(Font)              <6> on input line 16.
<team_not_found.jpg, id=221, 382.42876pt x 153.57375pt>
File: team_not_found.jpg Graphic file (type jpg)

<use team_not_found.jpg>
Package pdftex.def Info: team_not_found.jpg used on input line 18.
(pdftex.def)             Requested size: 382.42781pt x 153.57336pt.
LaTeX Font Info:    Try loading font information for T1+cmtt on input line 19.
 (c:/texlive/2015/texmf-dist/tex/latex/base/t1cmtt.fd
File: t1cmtt.fd 2014/09/29 v2.5h Standard LaTeX font definitions
)
LaTeX Font Info:    Calculating math sizes for size <14.22636> on input line 19
.
LaTeX Font Info:    External font `cmex10' loaded for size
(Font)              <14.22636> on input line 19.
LaTeX Font Info:    External font `cmex10' loaded for size
(Font)              <9.9584> on input line 19.
LaTeX Font Info:    External font `cmex10' loaded for size
(Font)              <7.11317> on input line 19.
LaTeX Font Info:    Font shape `T1/fca/bx/n' in size <14.22636> not available
(Font)              Font shape `T1/fca/b/n' tried instead on input line 22.
LaTeX Font Info:    External font `cmex10' loaded for size
(Font)              <10.95> on input line 38.
LaTeX Font Info:    Font shape `T1/fca/bx/n' in size <10.95> not available
(Font)              Font shape `T1/fca/b/n' tried instead on input line 38.

[1

{c:/texlive/2015/texmf-var/fonts/map/pdftex/updmap/pdftex.map} <./team_not_foun
d.jpg>]
LaTeX Font Info:    Font shape `T1/fca/bx/n' in size <14.4> not available
(Font)              Font shape `T1/fca/b/n' tried instead on input line 46.
LaTeX Font Info:    Font shape `T1/fca/bx/n' in size <9> not available
(Font)              Font shape `T1/fca/b/n' tried instead on input line 49.

Underfull \hbox (badness 10000) in paragraph at lines 50--50
[]|\T1/fca/m/n/9 Davide Bor-tot
 []


Underfull \hbox (badness 10000) in paragraph at lines 52--52
[]|\T1/fca/m/n/9 Alex Bec-ca-ro
 []


Underfull \hbox (badness 1297) in paragraph at lines 53--53
[]|\T1/fca/m/n/9 Modificata strut-tu-ra del do-cu-men-to per ri-spet-ta-re il
 []


Underfull \hbox (badness 10000) in paragraph at lines 56--56
[]|\T1/fca/m/n/9 Alex Bec-ca-ro
 []


Underfull \hbox (badness 2671) in paragraph at lines 57--57
[]|\T1/fca/m/n/9 Marco Cri-vel-la-ro
 []


Underfull \hbox (badness 10000) in paragraph at lines 58--58
[]|\T1/fca/m/n/9 Alex Bec-ca-ro
 []


Underfull \hbox (badness 10000) in paragraph at lines 60--60
[]|\T1/fca/m/n/9 Alex Bec-ca-ro
 []


Underfull \hbox (badness 2671) in paragraph at lines 61--61
[]|\T1/fca/m/n/9 Marco Cri-vel-la-ro
 []


Underfull \hbox (badness 10000) in paragraph at lines 62--62
[]|\T1/fca/m/n/9 Alex Bec-ca-ro
 []


Underfull \hbox (badness 10000) in paragraph at lines 63--63
[]|\T1/fca/m/n/9 Luca Ales-sio
 []


Underfull \hbox (badness 10000) in paragraph at lines 64--64
[]|\T1/fca/m/n/9 Alex Bec-ca-ro
 []


Underfull \hbox (badness 4492) in paragraph at lines 64--64
[]|\T1/fca/m/n/9 Prima ste-su-ra del do-cu-men-to. Im-po-sta-zio-ne del
 []


Underfull \vbox (badness 10000) detected at line 66
 []

<team404_small.jpg, id=233, 382.42876pt x 153.57375pt>
File: team404_small.jpg Graphic file (type jpg)
 <use team404_small.jpg>
Package pdftex.def Info: team404_small.jpg used on input line 67.
(pdftex.def)             Requested size: 57.36183pt x 23.03506pt.


Package Fancyhdr Warning: \headheight is too small (12.0pt): 
 Make it at least 27.1151pt.
 We now make it that large for the rest of the document.
 This may cause the page layout to be inconsistent, however.

[2 <./team404_small.jpg>] (./analisi_dei_requisiti_1.0.toc
File: team404_small.jpg Graphic file (type jpg)

<use team404_small.jpg>
Package pdftex.def Info: team404_small.jpg used on input line 49.
(pdftex.def)             Requested size: 57.36183pt x 23.03506pt.
 [3])
\tf@toc=\write5
\openout5 = `analisi_dei_requisiti_1.0.toc'.

File: team404_small.jpg Graphic file (type jpg)
 <use team404_small.jpg>
Package pdftex.def Info: team404_small.jpg used on input line 70.
(pdftex.def)             Requested size: 57.36183pt x 23.03506pt.
 [4]
(./analisi_dei_requisiti_1.0.lof)
\tf@lof=\write6
\openout6 = `analisi_dei_requisiti_1.0.lof'.

 (./analisi_dei_requisiti_1.0.lot)
\tf@lot=\write7
\openout7 = `analisi_dei_requisiti_1.0.lot'.

File: team404_small.jpg Graphic file (type jpg)

<use team404_small.jpg>
Package pdftex.def Info: team404_small.jpg used on input line 73.
(pdftex.def)             Requested size: 57.36183pt x 23.03506pt.
 [5]
File: team404_small.jpg Graphic file (type jpg)
 <use team404_small.jpg>
Package pdftex.def Info: team404_small.jpg used on input line 79.
(pdftex.def)             Requested size: 57.36183pt x 23.03506pt.
 [6]
LaTeX Font Info:    Font shape `T1/fca/bx/n' in size <12> not available
(Font)              Font shape `T1/fca/b/n' tried instead on input line 82.
LaTeX Font Info:    Font shape `T1/fca/m/it' in size <10.95> not available
(Font)              Font shape `T1/fca/m/sl' tried instead on input line 87.
LaTeX Font Info:    Try loading font information for TS1+fca on input line 91.

(c:/texlive/2015/texmf-dist/tex/latex/cantarell/ts1fca.fd
File: ts1fca.fd 2012/06/11 Fontinst v1.933 font definitions for TS1/fca.
)
Overfull \hbox (4.93379pt too wide) in paragraph at lines 99--103
[][]$\T1/cmtt/m/n/10.95 http : / / www . math . unipd . it / ~tullio / IS-[]1 /
 2015 / Dispense / PD01 . pdf$[][] [][]$http : / / www . math .
 []

File: team404_small.jpg Graphic file (type jpg)
<use team404_small.jpg>
Package pdftex.def Info: team404_small.jpg used on input line 105.
(pdftex.def)             Requested size: 57.36183pt x 23.03506pt.
 [1]
File: team404_small.jpg Graphic file (type jpg)
 <use team404_small.jpg>
Package pdftex.def Info: team404_small.jpg used on input line 117.
(pdftex.def)             Requested size: 57.36183pt x 23.03506pt.
 [2]
Underfull \hbox (badness 10000) in paragraph at lines 120--123

 []

<../immagini/attori.png, id=364, 340.27126pt x 376.40625pt>
File: ../immagini/attori.png Graphic file (type png)

<use ../immagini/attori.png>
Package pdftex.def Info: ../immagini/attori.png used on input line 126.
(pdftex.def)             Requested size: 340.27042pt x 376.40532pt.
File: team404_small.jpg Graphic file (type jpg)
 <use team404_small.jpg>
Package pdftex.def Info: team404_small.jpg used on input line 130.
(pdftex.def)             Requested size: 57.36183pt x 23.03506pt.
 [3 <../immagini/attori.png>] <../immagini/UC1.png, id=372, 856.70062pt x 1058.
45438pt>
File: ../immagini/UC1.png Graphic file (type png)

<use ../immagini/UC1.png>
Package pdftex.def Info: ../immagini/UC1.png used on input line 135.
(pdftex.def)             Requested size: 428.34926pt x 529.22589pt.

Underfull \hbox (badness 10000) in paragraph at lines 138--150

 []


Underfull \hbox (badness 10000) in paragraph at lines 138--150

 []


Underfull \hbox (badness 10000) in paragraph at lines 138--150

 []


Underfull \hbox (badness 10000) in paragraph at lines 138--150

 []

File: team404_small.jpg Graphic file (type jpg)
<use team404_small.jpg>
Package pdftex.def Info: team404_small.jpg used on input line 150.
(pdftex.def)             Requested size: 57.36183pt x 23.03506pt.
 [4 <../immagini/UC1.png>]
File: team404_small.jpg Graphic file (type jpg)
 <use team404_small.jpg>
Package pdftex.def Info: team404_small.jpg used on input line 154.
(pdftex.def)             Requested size: 57.36183pt x 23.03506pt.

[5] <../immagini/UC1_1.png, id=384, 1038.88126pt x 858.95906pt>
File: ../immagini/UC1_1.png Graphic file (type png)

<use ../immagini/UC1_1.png>
Package pdftex.def Info: ../immagini/UC1_1.png used on input line 158.
(pdftex.def)             Requested size: 415.54514pt x 343.57755pt.

Underfull \hbox (badness 10000) in paragraph at lines 162--174

 []


Underfull \hbox (badness 10000) in paragraph at lines 162--174

 []


Underfull \hbox (badness 10000) in paragraph at lines 162--174

 []


Underfull \hbox (badness 10000) in paragraph at lines 162--174

 []

File: team404_small.jpg Graphic file (type jpg)
<use team404_small.jpg>
Package pdftex.def Info: team404_small.jpg used on input line 177.
(pdftex.def)             Requested size: 57.36183pt x 23.03506pt.
 [6 <../immagini/UC1_1.png>]
Underfull \hbox (badness 10000) in paragraph at lines 182--192

 []


Underfull \hbox (badness 10000) in paragraph at lines 182--192

 []


Underfull \hbox (badness 10000) in paragraph at lines 182--192

 []


Underfull \hbox (badness 10000) in paragraph at lines 182--192

 []


Underfull \hbox (badness 10000) in paragraph at lines 199--209

 []


Underfull \hbox (badness 10000) in paragraph at lines 199--209

 []


Underfull \hbox (badness 10000) in paragraph at lines 199--209

 []


Underfull \hbox (badness 10000) in paragraph at lines 199--209

 []


Underfull \hbox (badness 10000) in paragraph at lines 216--226

 []


Underfull \hbox (badness 10000) in paragraph at lines 216--226

 []


Underfull \hbox (badness 10000) in paragraph at lines 216--226

 []


Underfull \hbox (badness 10000) in paragraph at lines 216--226

 []

File: team404_small.jpg Graphic file (type jpg)
<use team404_small.jpg>
Package pdftex.def Info: team404_small.jpg used on input line 226.
(pdftex.def)             Requested size: 57.36183pt x 23.03506pt.
 [7]
File: team404_small.jpg Graphic file (type jpg)
 <use team404_small.jpg>
Package pdftex.def Info: team404_small.jpg used on input line 230.
(pdftex.def)             Requested size: 57.36183pt x 23.03506pt.
 [8]
<../immagini/UC1_1_4.png, id=402, 811.53188pt x 593.96906pt>
File: ../immagini/UC1_1_4.png Graphic file (type png)

<use ../immagini/UC1_1_4.png>
Package pdftex.def Info: ../immagini/UC1_1_4.png used on input line 235.
(pdftex.def)             Requested size: 405.76494pt x 296.9838pt.

Underfull \hbox (badness 10000) in paragraph at lines 238--248

 []


Underfull \hbox (badness 10000) in paragraph at lines 238--248

 []


Underfull \hbox (badness 10000) in paragraph at lines 238--248

 []


Underfull \hbox (badness 10000) in paragraph at lines 238--248

 []


Underfull \hbox (badness 10000) in paragraph at lines 256--266

 []


Underfull \hbox (badness 10000) in paragraph at lines 256--266

 []


Underfull \hbox (badness 10000) in paragraph at lines 256--266

 []


Underfull \hbox (badness 10000) in paragraph at lines 256--266

 []

File: team404_small.jpg Graphic file (type jpg)
<use team404_small.jpg>
Package pdftex.def Info: team404_small.jpg used on input line 266.
(pdftex.def)             Requested size: 57.36183pt x 23.03506pt.
 [9 <../immagini/UC1_1_4.png>]
Underfull \hbox (badness 10000) in paragraph at lines 273--283

 []


Underfull \hbox (badness 10000) in paragraph at lines 273--283

 []


Underfull \hbox (badness 10000) in paragraph at lines 273--283

 []


Underfull \hbox (badness 10000) in paragraph at lines 273--283

 []


Underfull \hbox (badness 10000) in paragraph at lines 290--291

 []


Underfull \hbox (badness 10000) in paragraph at lines 292--304

 []


Underfull \hbox (badness 10000) in paragraph at lines 292--304

 []


Underfull \hbox (badness 10000) in paragraph at lines 292--304

 []


Underfull \hbox (badness 10000) in paragraph at lines 292--304

 []


Underfull \hbox (badness 10000) in paragraph at lines 292--304

 []

File: team404_small.jpg Graphic file (type jpg)
<use team404_small.jpg>
Package pdftex.def Info: team404_small.jpg used on input line 304.
(pdftex.def)             Requested size: 57.36183pt x 23.03506pt.
 [10]
File: team404_small.jpg Graphic file (type jpg)
 <use team404_small.jpg>
Package pdftex.def Info: team404_small.jpg used on input line 314.
(pdftex.def)             Requested size: 57.36183pt x 23.03506pt.
 [11]
<../immagini/UC1_2.png, id=419, 983.17313pt x 657.2053pt>
File: ../immagini/UC1_2.png Graphic file (type png)

<use ../immagini/UC1_2.png>
Package pdftex.def Info: ../immagini/UC1_2.png used on input line 320.
(pdftex.def)             Requested size: 393.26228pt x 262.87746pt.

Underfull \hbox (badness 10000) in paragraph at lines 323--333

 []


Underfull \hbox (badness 10000) in paragraph at lines 323--333

 []


Underfull \hbox (badness 10000) in paragraph at lines 323--333

 []


Underfull \hbox (badness 10000) in paragraph at lines 323--333

 []


Underfull \hbox (badness 10000) in paragraph at lines 340--349

 []


Underfull \hbox (badness 10000) in paragraph at lines 340--349

 []


Underfull \hbox (badness 10000) in paragraph at lines 340--349

 []

File: team404_small.jpg Graphic file (type jpg)
<use team404_small.jpg>
Package pdftex.def Info: team404_small.jpg used on input line 349.
(pdftex.def)             Requested size: 57.36183pt x 23.03506pt.
 [12 <../immagini/UC1_2.png>]
Underfull \hbox (badness 10000) in paragraph at lines 356--365

 []


Underfull \hbox (badness 10000) in paragraph at lines 356--365

 []


Underfull \hbox (badness 10000) in paragraph at lines 356--365

 []


Underfull \hbox (badness 10000) in paragraph at lines 374--383

 []


Underfull \hbox (badness 10000) in paragraph at lines 374--383

 []


Underfull \hbox (badness 10000) in paragraph at lines 374--383

 []


Underfull \hbox (badness 10000) in paragraph at lines 374--383

 []


Underfull \hbox (badness 10000) in paragraph at lines 385--386

 []


Underfull \hbox (badness 10000) in paragraph at lines 397--408

 []


Underfull \hbox (badness 10000) in paragraph at lines 397--408

 []


Underfull \hbox (badness 10000) in paragraph at lines 397--408

 []


Underfull \hbox (badness 10000) in paragraph at lines 397--408

 []


Underfull \hbox (badness 10000) in paragraph at lines 397--408

 []

File: team404_small.jpg Graphic file (type jpg)
<use team404_small.jpg>
Package pdftex.def Info: team404_small.jpg used on input line 408.
(pdftex.def)             Requested size: 57.36183pt x 23.03506pt.
 [13]
Underfull \hbox (badness 10000) in paragraph at lines 415--426

 []


Underfull \hbox (badness 10000) in paragraph at lines 415--426

 []


Underfull \hbox (badness 10000) in paragraph at lines 415--426

 []


Underfull \hbox (badness 10000) in paragraph at lines 415--426

 []


Underfull \hbox (badness 10000) in paragraph at lines 415--426

 []


Underfull \hbox (badness 10000) in paragraph at lines 433--444

 []


Underfull \hbox (badness 10000) in paragraph at lines 433--444

 []


Underfull \hbox (badness 10000) in paragraph at lines 433--444

 []


Underfull \hbox (badness 10000) in paragraph at lines 433--444

 []


Underfull \hbox (badness 10000) in paragraph at lines 433--444

 []

File: team404_small.jpg Graphic file (type jpg)
<use team404_small.jpg>
Package pdftex.def Info: team404_small.jpg used on input line 447.
(pdftex.def)             Requested size: 57.36183pt x 23.03506pt.
 [14]
File: team404_small.jpg Graphic file (type jpg)
 <use team404_small.jpg>
Package pdftex.def Info: team404_small.jpg used on input line 449.
(pdftex.def)             Requested size: 57.36183pt x 23.03506pt.
 [15]
<../immagini/UC1_6.png, id=443, 981.6675pt x 590.205pt>
File: ../immagini/UC1_6.png Graphic file (type png)

<use ../immagini/UC1_6.png>
Package pdftex.def Info: ../immagini/UC1_6.png used on input line 455.
(pdftex.def)             Requested size: 392.66003pt x 236.0778pt.

Underfull \hbox (badness 10000) in paragraph at lines 458--470

 []


Underfull \hbox (badness 10000) in paragraph at lines 458--470

 []


Underfull \hbox (badness 10000) in paragraph at lines 458--470

 []


Underfull \hbox (badness 10000) in paragraph at lines 458--470

 []


Underfull \hbox (badness 10000) in paragraph at lines 458--470

 []


Underfull \hbox (badness 10000) in paragraph at lines 472--473

 []


Underfull \hbox (badness 10000) in paragraph at lines 477--486

 []


Underfull \hbox (badness 10000) in paragraph at lines 477--486

 []


Underfull \hbox (badness 10000) in paragraph at lines 477--486

 []


Underfull \hbox (badness 10000) in paragraph at lines 477--486

 []

File: team404_small.jpg Graphic file (type jpg)
<use team404_small.jpg>
Package pdftex.def Info: team404_small.jpg used on input line 486.
(pdftex.def)             Requested size: 57.36183pt x 23.03506pt.
 [16 <../immagini/UC1_6.png>]
Underfull \hbox (badness 10000) in paragraph at lines 488--489

 []


Underfull \hbox (badness 10000) in paragraph at lines 493--502

 []


Underfull \hbox (badness 10000) in paragraph at lines 493--502

 []


Underfull \hbox (badness 10000) in paragraph at lines 493--502

 []


Underfull \hbox (badness 10000) in paragraph at lines 493--502

 []


Underfull \hbox (badness 10000) in paragraph at lines 504--505

 []


Underfull \hbox (badness 10000) in paragraph at lines 505--506

 []


Underfull \hbox (badness 10000) in paragraph at lines 515--526

 []


Underfull \hbox (badness 10000) in paragraph at lines 515--526

 []


Underfull \hbox (badness 10000) in paragraph at lines 515--526

 []


Underfull \hbox (badness 10000) in paragraph at lines 515--526

 []


Underfull \hbox (badness 10000) in paragraph at lines 515--526

 []

File: team404_small.jpg Graphic file (type jpg)
<use team404_small.jpg>
Package pdftex.def Info: team404_small.jpg used on input line 530.
(pdftex.def)             Requested size: 57.36183pt x 23.03506pt.
 [17]
Underfull \hbox (badness 10000) in paragraph at lines 532--541

 []


Underfull \hbox (badness 10000) in paragraph at lines 532--541

 []


Underfull \hbox (badness 10000) in paragraph at lines 532--541

 []


Underfull \hbox (badness 10000) in paragraph at lines 532--541

 []

File: team404_small.jpg Graphic file (type jpg)
<use team404_small.jpg>
Package pdftex.def Info: team404_small.jpg used on input line 545.
(pdftex.def)             Requested size: 57.36183pt x 23.03506pt.
 [18]
<../immagini/UC1_7.png, id=460, 1037.37563pt x 1060.71281pt>
File: ../immagini/UC1_7.png Graphic file (type png)

<use ../immagini/UC1_7.png>
Package pdftex.def Info: ../immagini/UC1_7.png used on input line 551.
(pdftex.def)             Requested size: 414.9429pt x 424.27762pt.

Underfull \hbox (badness 10000) in paragraph at lines 554--566

 []


Underfull \hbox (badness 10000) in paragraph at lines 554--566

 []


Underfull \hbox (badness 10000) in paragraph at lines 554--566

 []


Underfull \hbox (badness 10000) in paragraph at lines 554--566

 []


Underfull \hbox (badness 10000) in paragraph at lines 554--566

 []

File: team404_small.jpg Graphic file (type jpg)
<use team404_small.jpg>
Package pdftex.def Info: team404_small.jpg used on input line 568.
(pdftex.def)             Requested size: 57.36183pt x 23.03506pt.
 [19 <../immagini/UC1_7.png>]
Underfull \hbox (badness 10000) in paragraph at lines 568--569

 []


Underfull \hbox (badness 10000) in paragraph at lines 573--582

 []


Underfull \hbox (badness 10000) in paragraph at lines 573--582

 []


Underfull \hbox (badness 10000) in paragraph at lines 573--582

 []


Underfull \hbox (badness 10000) in paragraph at lines 573--582

 []


Underfull \hbox (badness 10000) in paragraph at lines 588--597

 []


Underfull \hbox (badness 10000) in paragraph at lines 588--597

 []


Underfull \hbox (badness 10000) in paragraph at lines 588--597

 []


Underfull \hbox (badness 10000) in paragraph at lines 588--597

 []


Underfull \hbox (badness 10000) in paragraph at lines 603--612

 []


Underfull \hbox (badness 10000) in paragraph at lines 603--612

 []


Underfull \hbox (badness 10000) in paragraph at lines 603--612

 []


Underfull \hbox (badness 10000) in paragraph at lines 603--612

 []

File: team404_small.jpg Graphic file (type jpg)
<use team404_small.jpg>
Package pdftex.def Info: team404_small.jpg used on input line 613.
(pdftex.def)             Requested size: 57.36183pt x 23.03506pt.
 [20]
Underfull \hbox (badness 10000) in paragraph at lines 623--632

 []


Underfull \hbox (badness 10000) in paragraph at lines 623--632

 []


Underfull \hbox (badness 10000) in paragraph at lines 623--632

 []


Underfull \hbox (badness 10000) in paragraph at lines 623--632

 []


Underfull \hbox (badness 10000) in paragraph at lines 639--649

 []


Underfull \hbox (badness 10000) in paragraph at lines 639--649

 []


Underfull \hbox (badness 10000) in paragraph at lines 639--649

 []


Underfull \hbox (badness 10000) in paragraph at lines 639--649

 []


Underfull \hbox (badness 10000) in paragraph at lines 639--649

 []


Underfull \hbox (badness 10000) in paragraph at lines 639--649

 []

File: team404_small.jpg Graphic file (type jpg)
<use team404_small.jpg>
Package pdftex.def Info: team404_small.jpg used on input line 649.
(pdftex.def)             Requested size: 57.36183pt x 23.03506pt.
 [21]
File: team404_small.jpg Graphic file (type jpg)
 <use team404_small.jpg>
Package pdftex.def Info: team404_small.jpg used on input line 662.
(pdftex.def)             Requested size: 57.36183pt x 23.03506pt.
 [22]
<../immagini/UC1_8.png, id=483, 1029.8475pt x 832.61063pt>
File: ../immagini/UC1_8.png Graphic file (type png)

<use ../immagini/UC1_8.png>
Package pdftex.def Info: ../immagini/UC1_8.png used on input line 668.
(pdftex.def)             Requested size: 411.9317pt x 333.03835pt.

Underfull \hbox (badness 10000) in paragraph at lines 671--683

 []


Underfull \hbox (badness 10000) in paragraph at lines 671--683

 []


Underfull \hbox (badness 10000) in paragraph at lines 671--683

 []


Underfull \hbox (badness 10000) in paragraph at lines 671--683

 []


Underfull \hbox (badness 10000) in paragraph at lines 671--683

 []


Underfull \hbox (badness 10000) in paragraph at lines 685--686

 []


Underfull \hbox (badness 10000) in paragraph at lines 690--699

 []


Underfull \hbox (badness 10000) in paragraph at lines 690--699

 []


Underfull \hbox (badness 10000) in paragraph at lines 690--699

 []


Underfull \hbox (badness 10000) in paragraph at lines 690--699

 []

File: team404_small.jpg Graphic file (type jpg)
<use team404_small.jpg>
Package pdftex.def Info: team404_small.jpg used on input line 699.
(pdftex.def)             Requested size: 57.36183pt x 23.03506pt.
 [23 <../immagini/UC1_8.png>]
Underfull \hbox (badness 10000) in paragraph at lines 705--716

 []


Underfull \hbox (badness 10000) in paragraph at lines 705--716

 []


Underfull \hbox (badness 10000) in paragraph at lines 705--716

 []


Underfull \hbox (badness 10000) in paragraph at lines 705--716

 []


Underfull \hbox (badness 10000) in paragraph at lines 705--716

 []


Underfull \hbox (badness 10000) in paragraph at lines 722--730

 []


Underfull \hbox (badness 10000) in paragraph at lines 722--730

 []


Underfull \hbox (badness 10000) in paragraph at lines 722--730

 []


Underfull \hbox (badness 10000) in paragraph at lines 722--730

 []


Underfull \hbox (badness 10000) in paragraph at lines 722--730

 []

File: team404_small.jpg Graphic file (type jpg)
<use team404_small.jpg>
Package pdftex.def Info: team404_small.jpg used on input line 730.
(pdftex.def)             Requested size: 57.36183pt x 23.03506pt.
 [24]
Underfull \hbox (badness 10000) in paragraph at lines 738--749

 []


Underfull \hbox (badness 10000) in paragraph at lines 738--749

 []


Underfull \hbox (badness 10000) in paragraph at lines 738--749

 []


Underfull \hbox (badness 10000) in paragraph at lines 738--749

 []


Underfull \hbox (badness 10000) in paragraph at lines 738--749

 []


Underfull \hbox (badness 10000) in paragraph at lines 761--770

 []


Underfull \hbox (badness 10000) in paragraph at lines 761--770

 []


Underfull \hbox (badness 10000) in paragraph at lines 761--770

 []


Underfull \hbox (badness 10000) in paragraph at lines 761--770

 []

File: team404_small.jpg Graphic file (type jpg)
<use team404_small.jpg>
Package pdftex.def Info: team404_small.jpg used on input line 775.
(pdftex.def)             Requested size: 57.36183pt x 23.03506pt.
 [25]
Underfull \hbox (badness 10000) in paragraph at lines 777--781

 []


Overfull \hbox (23.99998pt too wide) in alignment at lines 782--787
 [] [] 
 []


Overfull \hbox (23.99998pt too wide) in alignment at lines 787--791
 [] [] 
 []

LaTeX Font Info:    Font shape `T1/fca/m/it' in size <9> not available
(Font)              Font shape `T1/fca/m/sl' tried instead on input line 793.

Overfull \hbox (23.99998pt too wide) in alignment at lines 791--794
 [] [] 
 []


Overfull \hbox (23.99998pt too wide) in alignment at lines 794--797
 [] [] 
 []


Overfull \hbox (23.99998pt too wide) in alignment at lines 797--838
 [] [] 
 []


Underfull \hbox (badness 1789) in paragraph at lines 839--840
[]|\T1/fca/m/n/10.95 La se-zio-ne de-di-ca-ta al-l'au-ten-ti-ca-zio-ne de-ve fo
r-ni-re una pro-ce-du-ra di
 []


Underfull \hbox (badness 2837) in paragraph at lines 847--848
[]|\T1/fca/m/n/10.95 Se la e-mail non ri-sul-ta re-gi-stra-ta non vie-ne man-da
-ta una mail a
 []


Underfull \hbox (badness 1019) in paragraph at lines 855--856
[]|\T1/fca/m/n/10.95 L'utente pu sce-glie-re un qual-sia-si que-stio-na-rio cl
ic-can-do-ci so-pra per
 []


Underfull \hbox (badness 6876) in paragraph at lines 875--876
[]|\T1/fca/m/n/10.95 Quando un que-stio-na-rio vie-ne con-fer-ma-to e con-se-gn
a-to ven-go-no
 []


Overfull \hbox (23.99998pt too wide) in alignment at lines 838--878
 [] [] 
 []

File: team404_small.jpg Graphic file (type jpg)
<use team404_small.jpg>
Package pdftex.def Info: team404_small.jpg used on input line 878.
(pdftex.def)             Requested size: 57.36183pt x 23.03506pt.
 [26]
Underfull \hbox (badness 1292) in paragraph at lines 883--884
[]|\T1/fca/m/n/10.95 La se-zio-ne de-di-ca-ta al-la crea-zio-ne di una do-man-d
a de-ve per-met-te-re
 []


Underfull \hbox (badness 1292) in paragraph at lines 887--888
[]|\T1/fca/m/n/10.95 La se-zio-ne de-di-ca-ta al-la crea-zio-ne di una do-man-d
a de-ve per-met-te-re
 []


Underfull \hbox (badness 1292) in paragraph at lines 893--894
[]|\T1/fca/m/n/10.95 La se-zio-ne de-di-ca-ta al-la crea-zio-ne di una do-man-d
a de-ve per-met-te-re
 []


Overfull \hbox (23.99998pt too wide) in alignment at lines 878--918
 [] [] 
 []

File: team404_small.jpg Graphic file (type jpg)
<use team404_small.jpg>
Package pdftex.def Info: team404_small.jpg used on input line 918.
(pdftex.def)             Requested size: 57.36183pt x 23.03506pt.
 [27]
Overfull \hbox (23.99998pt too wide) in alignment at lines 918--939
 [] [] 
 []

File: team404_small.jpg Graphic file (type jpg)
<use team404_small.jpg>
Package pdftex.def Info: team404_small.jpg used on input line 939.
(pdftex.def)             Requested size: 57.36183pt x 23.03506pt.
 [28]
File: team404_small.jpg Graphic file (type jpg)
 <use team404_small.jpg>
Package pdftex.def Info: team404_small.jpg used on input line 939.
(pdftex.def)             Requested size: 57.36183pt x 23.03506pt.
 [29]
File: team404_small.jpg Graphic file (type jpg)

<use team404_small.jpg>
Package pdftex.def Info: team404_small.jpg used on input line 939.
(pdftex.def)             Requested size: 57.36183pt x 23.03506pt.
 [30]
Overfull \hbox (23.99998pt too wide) in alignment at lines 941--946
 [] [] 
 []


Overfull \hbox (23.99998pt too wide) in alignment at lines 946--950
 [] [] 
 []


Overfull \hbox (23.99998pt too wide) in alignment at lines 950--953
 [] [] 
 []


Overfull \hbox (23.99998pt too wide) in alignment at lines 953--956
 [] [] 
 []


Overfull \hbox (23.99998pt too wide) in alignment at lines 956--984
 [] [] 
 []

File: team404_small.jpg Graphic file (type jpg)
<use team404_small.jpg>
Package pdftex.def Info: team404_small.jpg used on input line 984.
(pdftex.def)             Requested size: 57.36183pt x 23.03506pt.
 [31]
Overfull \hbox (23.99998pt too wide) in alignment at lines 986--991
 [] [] 
 []


Overfull \hbox (23.99998pt too wide) in alignment at lines 991--995
 [] [] 
 []


Overfull \hbox (23.99998pt too wide) in alignment at lines 995--998
 [] [] 
 []


Overfull \hbox (23.99998pt too wide) in alignment at lines 998--1001
 [] [] 
 []


Underfull \hbox (badness 2205) in paragraph at lines 1005--1006
[]|\T1/fca/m/n/10.95 L'applicazione per-met-te fa-cil-men-te la mo-di-fi-ca del
-la strut-tu-ra sen-za
 []


Overfull \hbox (23.99998pt too wide) in alignment at lines 1001--1015
 [] [] 
 []


Overfull \hbox (23.99998pt too wide) in alignment at lines 1017--1022
 [] [] 
 []


Overfull \hbox (23.99998pt too wide) in alignment at lines 1022--1026
 [] [] 
 []


Overfull \hbox (23.99998pt too wide) in alignment at lines 1026--1029
 [] [] 
 []


Overfull \hbox (23.99998pt too wide) in alignment at lines 1029--1032
 [] [] 
 []


Underfull \hbox (badness 1199) in paragraph at lines 1044--1045
[]|\T1/fca/m/n/10.95 La par-te at-ti-va del-l'in-ter-fac-cia uten-te de-ve es-s
e-re ge-sti-ta uti-liz-zan-do
 []


Overfull \hbox (23.99998pt too wide) in alignment at lines 1032--1050
 [] [] 
 []

File: team404_small.jpg Graphic file (type jpg)
<use team404_small.jpg>
Package pdftex.def Info: team404_small.jpg used on input line 1050.
(pdftex.def)             Requested size: 57.36183pt x 23.03506pt.
 [32]
File: team404_small.jpg Graphic file (type jpg)
 <use team404_small.jpg>
Package pdftex.def Info: team404_small.jpg used on input line 1052.
(pdftex.def)             Requested size: 57.36183pt x 23.03506pt.
 [33]
Overfull \hbox (24.0pt too wide) in alignment at lines 1055--1060
 [] [] 
 []


Overfull \hbox (24.0pt too wide) in alignment at lines 1060--1064
 [] [] 
 []


Overfull \hbox (24.0pt too wide) in alignment at lines 1064--1067
 [] [] 
 []


Overfull \hbox (24.0pt too wide) in alignment at lines 1067--1070
 [] [] 
 []


Overfull \hbox (24.0pt too wide) in alignment at lines 1070--1111
 [] [] 
 []


Overfull \hbox (24.0pt too wide) in alignment at lines 1111--1139
 [] [] 
 []

File: team404_small.jpg Graphic file (type jpg)
<use team404_small.jpg>
Package pdftex.def Info: team404_small.jpg used on input line 1139.
(pdftex.def)             Requested size: 57.36183pt x 23.03506pt.
 [34]
Overfull \hbox (24.0pt too wide) in alignment at lines 1142--1147
 [] [] 
 []


Overfull \hbox (24.0pt too wide) in alignment at lines 1147--1151
 [] [] 
 []


Overfull \hbox (24.0pt too wide) in alignment at lines 1151--1154
 [] [] 
 []


Overfull \hbox (24.0pt too wide) in alignment at lines 1154--1157
 [] [] 
 []


Overfull \hbox (24.0pt too wide) in alignment at lines 1157--1198
 [] [] 
 []

File: team404_small.jpg Graphic file (type jpg)
<use team404_small.jpg>
Package pdftex.def Info: team404_small.jpg used on input line 1198.
(pdftex.def)             Requested size: 57.36183pt x 23.03506pt.
 [35]
Overfull \hbox (24.0pt too wide) in alignment at lines 1198--1238
 [] [] 
 []

File: team404_small.jpg Graphic file (type jpg)
<use team404_small.jpg>
Package pdftex.def Info: team404_small.jpg used on input line 1238.
(pdftex.def)             Requested size: 57.36183pt x 23.03506pt.
 [36]
Overfull \hbox (24.0pt too wide) in alignment at lines 1238--1278
 [] [] 
 []

File: team404_small.jpg Graphic file (type jpg)
<use team404_small.jpg>
Package pdftex.def Info: team404_small.jpg used on input line 1278.
(pdftex.def)             Requested size: 57.36183pt x 23.03506pt.
 [37]
Overfull \hbox (24.0pt too wide) in alignment at lines 1278--1301
 [] [] 
 []

File: team404_small.jpg Graphic file (type jpg)
<use team404_small.jpg>
Package pdftex.def Info: team404_small.jpg used on input line 1301.
(pdftex.def)             Requested size: 57.36183pt x 23.03506pt.
 [38] 
AED: lastpage setting LastPage
File: team404_small.jpg Graphic file (type jpg)
<use team404_small.jpg>
Package pdftex.def Info: team404_small.jpg used on input line 1303.
(pdftex.def)             Requested size: 57.36183pt x 23.03506pt.
 [39]
Package atveryend Info: Empty hook `BeforeClearDocument' on input line 1303.
Package atveryend Info: Empty hook `AfterLastShipout' on input line 1303.
 (./analisi_dei_requisiti_1.0.aux)
Package atveryend Info: Executing hook `AtVeryEndDocument' on input line 1303.
Package atveryend Info: Executing hook `AtEndAfterFileList' on input line 1303.

Package rerunfilecheck Info: File `analisi_dei_requisiti_1.0.out' has not chang
ed.
(rerunfilecheck)             Checksum: 2D7DFC5FCB7D2B32CE51A9E425297C84;4279.
 ) 
Here is how much of TeX's memory you used:
 10966 strings out of 493033
 159709 string characters out of 6137754
 296480 words of memory out of 5000000
 14175 multiletter control sequences out of 15000+600000
 26367 words of font info for 77 fonts, out of 8000000 for 9000
 1141 hyphenation exceptions out of 8191
 38i,16n,49p,920b,519s stack positions out of 5000i,500n,10000p,200000b,80000s
{c:/texlive/2015/texmf-dist/fonts/enc/dvips/cantarell/cantarell-03.enc}{c:/te
xlive/2015/texmf-dist/fonts/enc/dvips/cantarell/cantarell-01.enc}{c:/texlive/20
15/texmf-dist/fonts/enc/dvips/cm-super/cm-super-t1.enc}<c:/texlive/2015/texmf-d
ist/fonts/type1/public/cantarell/Cantarell-Bold.pfb><c:/texlive/2015/texmf-dist
/fonts/type1/public/cantarell/Cantarell-Regular.pfb><c:/texlive/2015/texmf-dist
/fonts/type1/public/cantarell/Cantarell-Regular.pfb><c:/texlive/2015/texmf-dist
/fonts/type1/public/cm-super/sftt1095.pfb><c:/texlive/2015/texmf-dist/fonts/typ
e1/public/cm-super/sftt1440.pfb>
Output written on analisi_dei_requisiti_1.0.pdf (45 pages, 858223 bytes).
PDF statistics:
 629 PDF objects out of 1000 (max. 8388607)
 553 compressed objects within 6 object streams
 116 named destinations out of 1000 (max. 500000)
 483 words of extra memory for PDF output out of 10000 (max. 10000000)

